<?xml version="1.0" encoding="UTF-8"?>
<testsuite xmlns:xsi="http://www.w3.org/2001/XMLSchema-instance" xsi:noNamespaceSchemaLocation="https://maven.apache.org/surefire/maven-surefire-plugin/xsd/surefire-test-report.xsd" version="3.0.2" name="com.leonard.databasePostgreSQL.controllers.BookControllerIntegrationTests" time="0.9" tests="2" errors="0" skipped="0" failures="0">
  <properties>
[...]
</properties>
  <testcase name="testThatCreateBookReturnsCreatedBook" classname="com.leonard.databasePostgreSQL.controllers.BookControllerIntegrationTests" time="0.082">
    <system-out><![CDATA[2025-10-15T17:55:17.963+03:00  INFO 29564 --- [           main] t.c.s.AnnotationConfigContextLoaderUtils : Could not detect default configuration classes for test class [com.leonard.databasePostgreSQL.controllers.BookControllerIntegrationTests]: BookControllerIntegrationTests does not declare any static, non-private, non-final, nested classes annotated with @Configuration.
2025-10-15T17:55:17.966+03:00  INFO 29564 --- [           main] .b.t.c.SpringBootTestContextBootstrapper : Found @SpringBootConfiguration com.leonard.databasePostgreSQL.RestApiApplication for test class com.leonard.databasePostgreSQL.controllers.BookControllerIntegrationTests

  .   ____          _            __ _ _
 /\\ / ___'_ __ _ _(_)_ __  __ _ \ \ \ \
( ( )\___ | '_ | '_| | '_ \/ _` | \ \ \ \
 \\/  ___)| |_)| | | | | || (_| |  ) ) ) )
  '  |____| .__|_| |_|_| |_\__, | / / / /
 =========|_|==============|___/=/_/_/_/

 :: Spring Boot ::                (v3.5.6)

2025-10-15T17:55:17.995+03:00  INFO 29564 --- [           main] c.l.d.c.BookControllerIntegrationTests   : Starting BookControllerIntegrationTests using Java 17.0.16 with PID 29564 (started by leofl in C:\Users\leofl\Desktop\java\databasePostgreSQL)
2025-10-15T17:55:17.995+03:00  INFO 29564 --- [           main] c.l.d.c.BookControllerIntegrationTests   : No active profile set, falling back to 1 default profile: "default"
2025-10-15T17:55:18.127+03:00  INFO 29564 --- [           main] .s.d.r.c.RepositoryConfigurationDelegate : Bootstrapping Spring Data JPA repositories in DEFAULT mode.
2025-10-15T17:55:18.139+03:00  INFO 29564 --- [           main] .s.d.r.c.RepositoryConfigurationDelegate : Finished Spring Data repository scanning in 11 ms. Found 2 JPA repository interfaces.
2025-10-15T17:55:18.194+03:00  INFO 29564 --- [           main] com.zaxxer.hikari.HikariDataSource       : HikariPool-3 - Starting...
2025-10-15T17:55:18.196+03:00  INFO 29564 --- [           main] com.zaxxer.hikari.pool.HikariPool        : HikariPool-3 - Added connection conn16: url=jdbc:h2:mem:testdb user=SA
2025-10-15T17:55:18.197+03:00  INFO 29564 --- [           main] com.zaxxer.hikari.HikariDataSource       : HikariPool-3 - Start completed.
2025-10-15T17:55:18.198+03:00  INFO 29564 --- [           main] o.hibernate.jpa.internal.util.LogHelper  : HHH000204: Processing PersistenceUnitInfo [name: default]
2025-10-15T17:55:18.201+03:00  INFO 29564 --- [           main] o.h.c.internal.RegionFactoryInitiator    : HHH000026: Second-level cache disabled
2025-10-15T17:55:18.209+03:00  INFO 29564 --- [           main] o.s.o.j.p.SpringPersistenceUnitInfo      : No LoadTimeWeaver setup: ignoring JPA class transformer
2025-10-15T17:55:18.212+03:00  INFO 29564 --- [           main] org.hibernate.orm.connections.pooling    : HHH10001005: Database info:
	Database JDBC URL [Connecting through datasource 'HikariDataSource (HikariPool-3)']
	Database driver: undefined/unknown
	Database version: 2.3.232
	Autocommit mode: undefined/unknown
	Isolation level: undefined/unknown
	Minimum pool size: undefined/unknown
	Maximum pool size: undefined/unknown
2025-10-15T17:55:18.237+03:00  INFO 29564 --- [           main] o.h.e.t.j.p.i.JtaPlatformInitiator       : HHH000489: No JTA platform available (set 'hibernate.transaction.jta.platform' to enable JTA platform integration)
2025-10-15T17:55:18.241+03:00  INFO 29564 --- [           main] j.LocalContainerEntityManagerFactoryBean : Initialized JPA EntityManagerFactory for persistence unit 'default'
2025-10-15T17:55:18.284+03:00  WARN 29564 --- [           main] JpaBaseConfiguration$JpaWebConfiguration : spring.jpa.open-in-view is enabled by default. Therefore, database queries may be performed during view rendering. Explicitly configure spring.jpa.open-in-view to disable this warning
2025-10-15T17:55:18.359+03:00  INFO 29564 --- [           main] o.s.b.t.m.w.SpringBootMockServletContext : Initializing Spring TestDispatcherServlet ''
2025-10-15T17:55:18.359+03:00  INFO 29564 --- [           main] o.s.t.web.servlet.TestDispatcherServlet  : Initializing Servlet ''
2025-10-15T17:55:18.359+03:00  INFO 29564 --- [           main] o.s.t.web.servlet.TestDispatcherServlet  : Completed initialization in 0 ms
2025-10-15T17:55:18.364+03:00  INFO 29564 --- [           main] c.l.d.c.BookControllerIntegrationTests   : Started BookControllerIntegrationTests in 0.395 seconds (process running for 6.618)
2025-10-15T17:55:18.444+03:00  INFO 29564 --- [           main] j.LocalContainerEntityManagerFactoryBean : Closing JPA EntityManagerFactory for persistence unit 'default'
2025-10-15T17:55:18.446+03:00  INFO 29564 --- [           main] com.zaxxer.hikari.HikariDataSource       : HikariPool-3 - Shutdown initiated...
2025-10-15T17:55:18.448+03:00  INFO 29564 --- [           main] com.zaxxer.hikari.HikariDataSource       : HikariPool-3 - Shutdown completed.
]]></system-out>
  </testcase>
  <testcase name="testThatBookCanBeCreated" classname="com.leonard.databasePostgreSQL.controllers.BookControllerIntegrationTests" time="0.049">
    <system-out><![CDATA[
  .   ____          _            __ _ _
 /\\ / ___'_ __ _ _(_)_ __  __ _ \ \ \ \
( ( )\___ | '_ | '_| | '_ \/ _` | \ \ \ \
 \\/  ___)| |_)| | | | | || (_| |  ) ) ) )
  '  |____| .__|_| |_|_| |_\__, | / / / /
 =========|_|==============|___/=/_/_/_/

 :: Spring Boot ::                (v3.5.6)

2025-10-15T17:55:18.469+03:00  INFO 29564 --- [           main] c.l.d.c.BookControllerIntegrationTests   : Starting BookControllerIntegrationTests using Java 17.0.16 with PID 29564 (started by leofl in C:\Users\leofl\Desktop\java\databasePostgreSQL)
2025-10-15T17:55:18.469+03:00  INFO 29564 --- [           main] c.l.d.c.BookControllerIntegrationTests   : No active profile set, falling back to 1 default profile: "default"
2025-10-15T17:55:18.589+03:00  INFO 29564 --- [           main] .s.d.r.c.RepositoryConfigurationDelegate : Bootstrapping Spring Data JPA repositories in DEFAULT mode.
2025-10-15T17:55:18.602+03:00  INFO 29564 --- [           main] .s.d.r.c.RepositoryConfigurationDelegate : Finished Spring Data repository scanning in 12 ms. Found 2 JPA repository interfaces.
2025-10-15T17:55:18.650+03:00  INFO 29564 --- [           main] com.zaxxer.hikari.HikariDataSource       : HikariPool-4 - Starting...
2025-10-15T17:55:18.651+03:00  INFO 29564 --- [           main] com.zaxxer.hikari.pool.HikariPool        : HikariPool-4 - Added connection conn21: url=jdbc:h2:mem:testdb user=SA
2025-10-15T17:55:18.652+03:00  INFO 29564 --- [           main] com.zaxxer.hikari.HikariDataSource       : HikariPool-4 - Start completed.
2025-10-15T17:55:18.653+03:00  INFO 29564 --- [           main] o.hibernate.jpa.internal.util.LogHelper  : HHH000204: Processing PersistenceUnitInfo [name: default]
2025-10-15T17:55:18.656+03:00  INFO 29564 --- [           main] o.h.c.internal.RegionFactoryInitiator    : HHH000026: Second-level cache disabled
2025-10-15T17:55:18.665+03:00  INFO 29564 --- [           main] o.s.o.j.p.SpringPersistenceUnitInfo      : No LoadTimeWeaver setup: ignoring JPA class transformer
2025-10-15T17:55:18.668+03:00  INFO 29564 --- [           main] org.hibernate.orm.connections.pooling    : HHH10001005: Database info:
	Database JDBC URL [Connecting through datasource 'HikariDataSource (HikariPool-4)']
	Database driver: undefined/unknown
	Database version: 2.3.232
	Autocommit mode: undefined/unknown
	Isolation level: undefined/unknown
	Minimum pool size: undefined/unknown
	Maximum pool size: undefined/unknown
2025-10-15T17:55:18.694+03:00  INFO 29564 --- [           main] o.h.e.t.j.p.i.JtaPlatformInitiator       : HHH000489: No JTA platform available (set 'hibernate.transaction.jta.platform' to enable JTA platform integration)
2025-10-15T17:55:18.698+03:00  INFO 29564 --- [           main] j.LocalContainerEntityManagerFactoryBean : Initialized JPA EntityManagerFactory for persistence unit 'default'
2025-10-15T17:55:18.742+03:00  WARN 29564 --- [           main] JpaBaseConfiguration$JpaWebConfiguration : spring.jpa.open-in-view is enabled by default. Therefore, database queries may be performed during view rendering. Explicitly configure spring.jpa.open-in-view to disable this warning
2025-10-15T17:55:18.801+03:00  INFO 29564 --- [           main] o.s.b.t.m.w.SpringBootMockServletContext : Initializing Spring TestDispatcherServlet ''
2025-10-15T17:55:18.801+03:00  INFO 29564 --- [           main] o.s.t.web.servlet.TestDispatcherServlet  : Initializing Servlet ''
2025-10-15T17:55:18.801+03:00  INFO 29564 --- [           main] o.s.t.web.servlet.TestDispatcherServlet  : Completed initialization in 0 ms
2025-10-15T17:55:18.809+03:00  INFO 29564 --- [           main] c.l.d.c.BookControllerIntegrationTests   : Started BookControllerIntegrationTests in 0.359 seconds (process running for 7.063)
2025-10-15T17:55:18.832+03:00  INFO 29564 --- [           main] j.LocalContainerEntityManagerFactoryBean : Closing JPA EntityManagerFactory for persistence unit 'default'
2025-10-15T17:55:18.834+03:00  INFO 29564 --- [           main] com.zaxxer.hikari.HikariDataSource       : HikariPool-4 - Shutdown initiated...
2025-10-15T17:55:18.860+03:00  INFO 29564 --- [           main] com.zaxxer.hikari.HikariDataSource       : HikariPool-4 - Shutdown completed.
]]></system-out>
  </testcase>
</testsuite>