<?xml version="1.0" encoding="UTF-8"?>
<testsuite xmlns:xsi="http://www.w3.org/2001/XMLSchema-instance" xsi:noNamespaceSchemaLocation="https://maven.apache.org/surefire/maven-surefire-plugin/xsd/surefire-test-report.xsd" version="3.0.2" name="com.leonard.databasePostgreSQL.controllers.BookControllerIntegrationTests" time="2.97" tests="9" errors="0" skipped="0" failures="1">
  <properties>
[...]
</properties>
  <testcase name="testThatGetBookByIdSuccessfullyReturnsCorrectBody" classname="com.leonard.databasePostgreSQL.controllers.BookControllerIntegrationTests" time="0.047">
    <failure message="JSON path &quot;$.isbn&quot; expected:&lt;1234567891&gt; but was:&lt;123456789111&gt;" type="java.lang.AssertionError"><![CDATA[java.lang.AssertionError: JSON path "$.isbn" expected:<1234567891> but was:<123456789111>
	at org.springframework.test.util.AssertionErrors.fail(AssertionErrors.java:61)
	at org.springframework.test.util.AssertionErrors.assertEquals(AssertionErrors.java:128)
	at org.springframework.test.util.JsonPathExpectationsHelper.assertValue(JsonPathExpectationsHelper.java:172)
	at org.springframework.test.web.servlet.result.JsonPathResultMatchers.lambda$value$2(JsonPathResultMatchers.java:112)
	at org.springframework.test.web.servlet.MockMvc$1.andExpect(MockMvc.java:214)
	at com.leonard.databasePostgreSQL.controllers.BookControllerIntegrationTests.testThatGetBookByIdSuccessfullyReturnsCorrectBody(BookControllerIntegrationTests.java:124)
	at java.base/java.lang.reflect.Method.invoke(Method.java:569)
	at java.base/java.util.ArrayList.forEach(ArrayList.java:1511)
	at java.base/java.util.ArrayList.forEach(ArrayList.java:1511)
]]></failure>
    <system-out><![CDATA[2025-10-17T13:48:46.341+03:00  INFO 46720 --- [           main] t.c.s.AnnotationConfigContextLoaderUtils : Could not detect default configuration classes for test class [com.leonard.databasePostgreSQL.controllers.BookControllerIntegrationTests]: BookControllerIntegrationTests does not declare any static, non-private, non-final, nested classes annotated with @Configuration.
2025-10-17T13:48:46.345+03:00  INFO 46720 --- [           main] .b.t.c.SpringBootTestContextBootstrapper : Found @SpringBootConfiguration com.leonard.databasePostgreSQL.RestApiApplication for test class com.leonard.databasePostgreSQL.controllers.BookControllerIntegrationTests

  .   ____          _            __ _ _
 /\\ / ___'_ __ _ _(_)_ __  __ _ \ \ \ \
( ( )\___ | '_ | '_| | '_ \/ _` | \ \ \ \
 \\/  ___)| |_)| | | | | || (_| |  ) ) ) )
  '  |____| .__|_| |_|_| |_\__, | / / / /
 =========|_|==============|___/=/_/_/_/

 :: Spring Boot ::                (v3.5.6)

2025-10-17T13:48:46.370+03:00  INFO 46720 --- [           main] c.l.d.c.BookControllerIntegrationTests   : Starting BookControllerIntegrationTests using Java 17.0.16 with PID 46720 (started by leofl in C:\Users\leofl\Desktop\java\databasePostgreSQL)
2025-10-17T13:48:46.370+03:00  INFO 46720 --- [           main] c.l.d.c.BookControllerIntegrationTests   : No active profile set, falling back to 1 default profile: "default"
2025-10-17T13:48:46.474+03:00  INFO 46720 --- [           main] .s.d.r.c.RepositoryConfigurationDelegate : Bootstrapping Spring Data JPA repositories in DEFAULT mode.
2025-10-17T13:48:46.486+03:00  INFO 46720 --- [           main] .s.d.r.c.RepositoryConfigurationDelegate : Finished Spring Data repository scanning in 10 ms. Found 2 JPA repository interfaces.
2025-10-17T13:48:46.524+03:00  INFO 46720 --- [           main] com.zaxxer.hikari.HikariDataSource       : HikariPool-11 - Starting...
2025-10-17T13:48:46.526+03:00  INFO 46720 --- [           main] com.zaxxer.hikari.pool.HikariPool        : HikariPool-11 - Added connection conn47: url=jdbc:h2:mem:testdb user=SA
2025-10-17T13:48:46.526+03:00  INFO 46720 --- [           main] com.zaxxer.hikari.HikariDataSource       : HikariPool-11 - Start completed.
2025-10-17T13:48:46.527+03:00  INFO 46720 --- [           main] o.hibernate.jpa.internal.util.LogHelper  : HHH000204: Processing PersistenceUnitInfo [name: default]
2025-10-17T13:48:46.531+03:00  INFO 46720 --- [           main] o.h.c.internal.RegionFactoryInitiator    : HHH000026: Second-level cache disabled
2025-10-17T13:48:46.541+03:00  INFO 46720 --- [           main] o.s.o.j.p.SpringPersistenceUnitInfo      : No LoadTimeWeaver setup: ignoring JPA class transformer
2025-10-17T13:48:46.542+03:00  INFO 46720 --- [           main] org.hibernate.orm.connections.pooling    : HHH10001005: Database info:
	Database JDBC URL [Connecting through datasource 'HikariDataSource (HikariPool-11)']
	Database driver: undefined/unknown
	Database version: 2.3.232
	Autocommit mode: undefined/unknown
	Isolation level: undefined/unknown
	Minimum pool size: undefined/unknown
	Maximum pool size: undefined/unknown
2025-10-17T13:48:46.566+03:00  INFO 46720 --- [           main] o.h.e.t.j.p.i.JtaPlatformInitiator       : HHH000489: No JTA platform available (set 'hibernate.transaction.jta.platform' to enable JTA platform integration)
2025-10-17T13:48:46.569+03:00  INFO 46720 --- [           main] j.LocalContainerEntityManagerFactoryBean : Initialized JPA EntityManagerFactory for persistence unit 'default'
2025-10-17T13:48:46.601+03:00  WARN 46720 --- [           main] JpaBaseConfiguration$JpaWebConfiguration : spring.jpa.open-in-view is enabled by default. Therefore, database queries may be performed during view rendering. Explicitly configure spring.jpa.open-in-view to disable this warning
2025-10-17T13:48:46.644+03:00  INFO 46720 --- [           main] o.s.b.t.m.w.SpringBootMockServletContext : Initializing Spring TestDispatcherServlet ''
2025-10-17T13:48:46.644+03:00  INFO 46720 --- [           main] o.s.t.web.servlet.TestDispatcherServlet  : Initializing Servlet ''
2025-10-17T13:48:46.646+03:00  INFO 46720 --- [           main] o.s.t.web.servlet.TestDispatcherServlet  : Completed initialization in 2 ms
2025-10-17T13:48:46.649+03:00  INFO 46720 --- [           main] c.l.d.c.BookControllerIntegrationTests   : Started BookControllerIntegrationTests in 0.299 seconds (process running for 12.131)

MockHttpServletRequest:
      HTTP Method = GET
      Request URI = /books/123456789111
       Parameters = {}
          Headers = [Content-Type:"application/json;charset=UTF-8"]
             Body = null
    Session Attrs = {}

Handler:
             Type = com.leonard.databasePostgreSQL.controllers.BookController
           Method = com.leonard.databasePostgreSQL.controllers.BookController#getBookByIsbn(String)

Async:
    Async started = false
     Async result = null

Resolved Exception:
             Type = null

ModelAndView:
        View name = null
             View = null
            Model = null

FlashMap:
       Attributes = null

MockHttpServletResponse:
           Status = 200
    Error message = null
          Headers = [Content-Type:"application/json"]
     Content type = application/json
             Body = {"isbn":"123456789111","title":"entity","author":null}
    Forwarded URL = null
   Redirected URL = null
          Cookies = []
2025-10-17T13:48:46.679+03:00  INFO 46720 --- [           main] j.LocalContainerEntityManagerFactoryBean : Closing JPA EntityManagerFactory for persistence unit 'default'
2025-10-17T13:48:46.680+03:00  INFO 46720 --- [           main] com.zaxxer.hikari.HikariDataSource       : HikariPool-11 - Shutdown initiated...
2025-10-17T13:48:46.695+03:00  INFO 46720 --- [           main] com.zaxxer.hikari.HikariDataSource       : HikariPool-11 - Shutdown completed.
]]></system-out>
  </testcase>
  <testcase name="testThatUpdateBookReturnsUpdatedBook" classname="com.leonard.databasePostgreSQL.controllers.BookControllerIntegrationTests" time="0.058">
    <system-out><![CDATA[
  .   ____          _            __ _ _
 /\\ / ___'_ __ _ _(_)_ __  __ _ \ \ \ \
( ( )\___ | '_ | '_| | '_ \/ _` | \ \ \ \
 \\/  ___)| |_)| | | | | || (_| |  ) ) ) )
  '  |____| .__|_| |_|_| |_\__, | / / / /
 =========|_|==============|___/=/_/_/_/

 :: Spring Boot ::                (v3.5.6)

2025-10-17T13:48:46.722+03:00  INFO 46720 --- [           main] c.l.d.c.BookControllerIntegrationTests   : Starting BookControllerIntegrationTests using Java 17.0.16 with PID 46720 (started by leofl in C:\Users\leofl\Desktop\java\databasePostgreSQL)
2025-10-17T13:48:46.722+03:00  INFO 46720 --- [           main] c.l.d.c.BookControllerIntegrationTests   : No active profile set, falling back to 1 default profile: "default"
2025-10-17T13:48:46.804+03:00  INFO 46720 --- [           main] .s.d.r.c.RepositoryConfigurationDelegate : Bootstrapping Spring Data JPA repositories in DEFAULT mode.
2025-10-17T13:48:46.815+03:00  INFO 46720 --- [           main] .s.d.r.c.RepositoryConfigurationDelegate : Finished Spring Data repository scanning in 10 ms. Found 2 JPA repository interfaces.
2025-10-17T13:48:46.842+03:00  INFO 46720 --- [           main] com.zaxxer.hikari.HikariDataSource       : HikariPool-12 - Starting...
2025-10-17T13:48:46.847+03:00  INFO 46720 --- [           main] com.zaxxer.hikari.pool.HikariPool        : HikariPool-12 - Added connection conn50: url=jdbc:h2:mem:testdb user=SA
2025-10-17T13:48:46.847+03:00  INFO 46720 --- [           main] com.zaxxer.hikari.HikariDataSource       : HikariPool-12 - Start completed.
2025-10-17T13:48:46.848+03:00  INFO 46720 --- [           main] o.hibernate.jpa.internal.util.LogHelper  : HHH000204: Processing PersistenceUnitInfo [name: default]
2025-10-17T13:48:46.851+03:00  INFO 46720 --- [           main] o.h.c.internal.RegionFactoryInitiator    : HHH000026: Second-level cache disabled
2025-10-17T13:48:46.858+03:00  INFO 46720 --- [           main] o.s.o.j.p.SpringPersistenceUnitInfo      : No LoadTimeWeaver setup: ignoring JPA class transformer
2025-10-17T13:48:46.859+03:00  INFO 46720 --- [           main] org.hibernate.orm.connections.pooling    : HHH10001005: Database info:
	Database JDBC URL [Connecting through datasource 'HikariDataSource (HikariPool-12)']
	Database driver: undefined/unknown
	Database version: 2.3.232
	Autocommit mode: undefined/unknown
	Isolation level: undefined/unknown
	Minimum pool size: undefined/unknown
	Maximum pool size: undefined/unknown
2025-10-17T13:48:46.883+03:00  INFO 46720 --- [           main] o.h.e.t.j.p.i.JtaPlatformInitiator       : HHH000489: No JTA platform available (set 'hibernate.transaction.jta.platform' to enable JTA platform integration)
2025-10-17T13:48:46.887+03:00  INFO 46720 --- [           main] j.LocalContainerEntityManagerFactoryBean : Initialized JPA EntityManagerFactory for persistence unit 'default'
2025-10-17T13:48:46.904+03:00  WARN 46720 --- [           main] JpaBaseConfiguration$JpaWebConfiguration : spring.jpa.open-in-view is enabled by default. Therefore, database queries may be performed during view rendering. Explicitly configure spring.jpa.open-in-view to disable this warning
2025-10-17T13:48:46.971+03:00  INFO 46720 --- [           main] o.s.b.t.m.w.SpringBootMockServletContext : Initializing Spring TestDispatcherServlet ''
2025-10-17T13:48:46.971+03:00  INFO 46720 --- [           main] o.s.t.web.servlet.TestDispatcherServlet  : Initializing Servlet ''
2025-10-17T13:48:46.972+03:00  INFO 46720 --- [           main] o.s.t.web.servlet.TestDispatcherServlet  : Completed initialization in 1 ms
2025-10-17T13:48:46.977+03:00  INFO 46720 --- [           main] c.l.d.c.BookControllerIntegrationTests   : Started BookControllerIntegrationTests in 0.274 seconds (process running for 12.459)
2025-10-17T13:48:47.005+03:00  INFO 46720 --- [           main] j.LocalContainerEntityManagerFactoryBean : Closing JPA EntityManagerFactory for persistence unit 'default'
2025-10-17T13:48:47.006+03:00  INFO 46720 --- [           main] com.zaxxer.hikari.HikariDataSource       : HikariPool-12 - Shutdown initiated...
2025-10-17T13:48:47.035+03:00  INFO 46720 --- [           main] com.zaxxer.hikari.HikariDataSource       : HikariPool-12 - Shutdown completed.
]]></system-out>
  </testcase>
  <testcase name="testThatCreateBookReturnsCreatedUpdateBook" classname="com.leonard.databasePostgreSQL.controllers.BookControllerIntegrationTests" time="0.033">
    <system-out><![CDATA[
  .   ____          _            __ _ _
 /\\ / ___'_ __ _ _(_)_ __  __ _ \ \ \ \
( ( )\___ | '_ | '_| | '_ \/ _` | \ \ \ \
 \\/  ___)| |_)| | | | | || (_| |  ) ) ) )
  '  |____| .__|_| |_|_| |_\__, | / / / /
 =========|_|==============|___/=/_/_/_/

 :: Spring Boot ::                (v3.5.6)

2025-10-17T13:48:47.056+03:00  INFO 46720 --- [           main] c.l.d.c.BookControllerIntegrationTests   : Starting BookControllerIntegrationTests using Java 17.0.16 with PID 46720 (started by leofl in C:\Users\leofl\Desktop\java\databasePostgreSQL)
2025-10-17T13:48:47.056+03:00  INFO 46720 --- [           main] c.l.d.c.BookControllerIntegrationTests   : No active profile set, falling back to 1 default profile: "default"
2025-10-17T13:48:47.168+03:00  INFO 46720 --- [           main] .s.d.r.c.RepositoryConfigurationDelegate : Bootstrapping Spring Data JPA repositories in DEFAULT mode.
2025-10-17T13:48:47.182+03:00  INFO 46720 --- [           main] .s.d.r.c.RepositoryConfigurationDelegate : Finished Spring Data repository scanning in 12 ms. Found 2 JPA repository interfaces.
2025-10-17T13:48:47.221+03:00  INFO 46720 --- [           main] com.zaxxer.hikari.HikariDataSource       : HikariPool-13 - Starting...
2025-10-17T13:48:47.224+03:00  INFO 46720 --- [           main] com.zaxxer.hikari.pool.HikariPool        : HikariPool-13 - Added connection conn53: url=jdbc:h2:mem:testdb user=SA
2025-10-17T13:48:47.225+03:00  INFO 46720 --- [           main] com.zaxxer.hikari.HikariDataSource       : HikariPool-13 - Start completed.
2025-10-17T13:48:47.226+03:00  INFO 46720 --- [           main] o.hibernate.jpa.internal.util.LogHelper  : HHH000204: Processing PersistenceUnitInfo [name: default]
2025-10-17T13:48:47.230+03:00  INFO 46720 --- [           main] o.h.c.internal.RegionFactoryInitiator    : HHH000026: Second-level cache disabled
2025-10-17T13:48:47.239+03:00  INFO 46720 --- [           main] o.s.o.j.p.SpringPersistenceUnitInfo      : No LoadTimeWeaver setup: ignoring JPA class transformer
2025-10-17T13:48:47.241+03:00  INFO 46720 --- [           main] org.hibernate.orm.connections.pooling    : HHH10001005: Database info:
	Database JDBC URL [Connecting through datasource 'HikariDataSource (HikariPool-13)']
	Database driver: undefined/unknown
	Database version: 2.3.232
	Autocommit mode: undefined/unknown
	Isolation level: undefined/unknown
	Minimum pool size: undefined/unknown
	Maximum pool size: undefined/unknown
2025-10-17T13:48:47.269+03:00  INFO 46720 --- [           main] o.h.e.t.j.p.i.JtaPlatformInitiator       : HHH000489: No JTA platform available (set 'hibernate.transaction.jta.platform' to enable JTA platform integration)
2025-10-17T13:48:47.273+03:00  INFO 46720 --- [           main] j.LocalContainerEntityManagerFactoryBean : Initialized JPA EntityManagerFactory for persistence unit 'default'
2025-10-17T13:48:47.299+03:00  WARN 46720 --- [           main] JpaBaseConfiguration$JpaWebConfiguration : spring.jpa.open-in-view is enabled by default. Therefore, database queries may be performed during view rendering. Explicitly configure spring.jpa.open-in-view to disable this warning
2025-10-17T13:48:47.355+03:00  INFO 46720 --- [           main] o.s.b.t.m.w.SpringBootMockServletContext : Initializing Spring TestDispatcherServlet ''
2025-10-17T13:48:47.355+03:00  INFO 46720 --- [           main] o.s.t.web.servlet.TestDispatcherServlet  : Initializing Servlet ''
2025-10-17T13:48:47.355+03:00  INFO 46720 --- [           main] o.s.t.web.servlet.TestDispatcherServlet  : Completed initialization in 0 ms
2025-10-17T13:48:47.358+03:00  INFO 46720 --- [           main] c.l.d.c.BookControllerIntegrationTests   : Started BookControllerIntegrationTests in 0.32 seconds (process running for 12.841)
2025-10-17T13:48:47.379+03:00  INFO 46720 --- [           main] j.LocalContainerEntityManagerFactoryBean : Closing JPA EntityManagerFactory for persistence unit 'default'
2025-10-17T13:48:47.380+03:00  INFO 46720 --- [           main] com.zaxxer.hikari.HikariDataSource       : HikariPool-13 - Shutdown initiated...
2025-10-17T13:48:47.392+03:00  INFO 46720 --- [           main] com.zaxxer.hikari.HikariDataSource       : HikariPool-13 - Shutdown completed.
]]></system-out>
  </testcase>
  <testcase name="testThatGetBooksReturnsHttp200" classname="com.leonard.databasePostgreSQL.controllers.BookControllerIntegrationTests" time="0.031">
    <system-out><![CDATA[
  .   ____          _            __ _ _
 /\\ / ___'_ __ _ _(_)_ __  __ _ \ \ \ \
( ( )\___ | '_ | '_| | '_ \/ _` | \ \ \ \
 \\/  ___)| |_)| | | | | || (_| |  ) ) ) )
  '  |____| .__|_| |_|_| |_\__, | / / / /
 =========|_|==============|___/=/_/_/_/

 :: Spring Boot ::                (v3.5.6)

2025-10-17T13:48:47.409+03:00  INFO 46720 --- [           main] c.l.d.c.BookControllerIntegrationTests   : Starting BookControllerIntegrationTests using Java 17.0.16 with PID 46720 (started by leofl in C:\Users\leofl\Desktop\java\databasePostgreSQL)
2025-10-17T13:48:47.410+03:00  INFO 46720 --- [           main] c.l.d.c.BookControllerIntegrationTests   : No active profile set, falling back to 1 default profile: "default"
2025-10-17T13:48:47.507+03:00  INFO 46720 --- [           main] .s.d.r.c.RepositoryConfigurationDelegate : Bootstrapping Spring Data JPA repositories in DEFAULT mode.
2025-10-17T13:48:47.520+03:00  INFO 46720 --- [           main] .s.d.r.c.RepositoryConfigurationDelegate : Finished Spring Data repository scanning in 12 ms. Found 2 JPA repository interfaces.
2025-10-17T13:48:47.555+03:00  INFO 46720 --- [           main] com.zaxxer.hikari.HikariDataSource       : HikariPool-14 - Starting...
2025-10-17T13:48:47.557+03:00  INFO 46720 --- [           main] com.zaxxer.hikari.pool.HikariPool        : HikariPool-14 - Added connection conn56: url=jdbc:h2:mem:testdb user=SA
2025-10-17T13:48:47.557+03:00  INFO 46720 --- [           main] com.zaxxer.hikari.HikariDataSource       : HikariPool-14 - Start completed.
2025-10-17T13:48:47.559+03:00  INFO 46720 --- [           main] o.hibernate.jpa.internal.util.LogHelper  : HHH000204: Processing PersistenceUnitInfo [name: default]
2025-10-17T13:48:47.561+03:00  INFO 46720 --- [           main] o.h.c.internal.RegionFactoryInitiator    : HHH000026: Second-level cache disabled
2025-10-17T13:48:47.571+03:00  INFO 46720 --- [           main] o.s.o.j.p.SpringPersistenceUnitInfo      : No LoadTimeWeaver setup: ignoring JPA class transformer
2025-10-17T13:48:47.572+03:00  INFO 46720 --- [           main] org.hibernate.orm.connections.pooling    : HHH10001005: Database info:
	Database JDBC URL [Connecting through datasource 'HikariDataSource (HikariPool-14)']
	Database driver: undefined/unknown
	Database version: 2.3.232
	Autocommit mode: undefined/unknown
	Isolation level: undefined/unknown
	Minimum pool size: undefined/unknown
	Maximum pool size: undefined/unknown
2025-10-17T13:48:47.596+03:00  INFO 46720 --- [           main] o.h.e.t.j.p.i.JtaPlatformInitiator       : HHH000489: No JTA platform available (set 'hibernate.transaction.jta.platform' to enable JTA platform integration)
2025-10-17T13:48:47.599+03:00  INFO 46720 --- [           main] j.LocalContainerEntityManagerFactoryBean : Initialized JPA EntityManagerFactory for persistence unit 'default'
2025-10-17T13:48:47.622+03:00  WARN 46720 --- [           main] JpaBaseConfiguration$JpaWebConfiguration : spring.jpa.open-in-view is enabled by default. Therefore, database queries may be performed during view rendering. Explicitly configure spring.jpa.open-in-view to disable this warning
2025-10-17T13:48:47.658+03:00  INFO 46720 --- [           main] o.s.b.t.m.w.SpringBootMockServletContext : Initializing Spring TestDispatcherServlet ''
2025-10-17T13:48:47.658+03:00  INFO 46720 --- [           main] o.s.t.web.servlet.TestDispatcherServlet  : Initializing Servlet ''
2025-10-17T13:48:47.658+03:00  INFO 46720 --- [           main] o.s.t.web.servlet.TestDispatcherServlet  : Completed initialization in 0 ms
2025-10-17T13:48:47.663+03:00  INFO 46720 --- [           main] c.l.d.c.BookControllerIntegrationTests   : Started BookControllerIntegrationTests in 0.269 seconds (process running for 13.145)
2025-10-17T13:48:47.679+03:00  INFO 46720 --- [           main] j.LocalContainerEntityManagerFactoryBean : Closing JPA EntityManagerFactory for persistence unit 'default'
2025-10-17T13:48:47.680+03:00  INFO 46720 --- [           main] com.zaxxer.hikari.HikariDataSource       : HikariPool-14 - Shutdown initiated...
2025-10-17T13:48:47.694+03:00  INFO 46720 --- [           main] com.zaxxer.hikari.HikariDataSource       : HikariPool-14 - Shutdown completed.
]]></system-out>
  </testcase>
  <testcase name="testThatGetBooksSuccessfullyReturnsListOfBooks" classname="com.leonard.databasePostgreSQL.controllers.BookControllerIntegrationTests" time="0.028">
    <system-out><![CDATA[
  .   ____          _            __ _ _
 /\\ / ___'_ __ _ _(_)_ __  __ _ \ \ \ \
( ( )\___ | '_ | '_| | '_ \/ _` | \ \ \ \
 \\/  ___)| |_)| | | | | || (_| |  ) ) ) )
  '  |____| .__|_| |_|_| |_\__, | / / / /
 =========|_|==============|___/=/_/_/_/

 :: Spring Boot ::                (v3.5.6)

2025-10-17T13:48:47.712+03:00  INFO 46720 --- [           main] c.l.d.c.BookControllerIntegrationTests   : Starting BookControllerIntegrationTests using Java 17.0.16 with PID 46720 (started by leofl in C:\Users\leofl\Desktop\java\databasePostgreSQL)
2025-10-17T13:48:47.712+03:00  INFO 46720 --- [           main] c.l.d.c.BookControllerIntegrationTests   : No active profile set, falling back to 1 default profile: "default"
2025-10-17T13:48:47.804+03:00  INFO 46720 --- [           main] .s.d.r.c.RepositoryConfigurationDelegate : Bootstrapping Spring Data JPA repositories in DEFAULT mode.
2025-10-17T13:48:47.814+03:00  INFO 46720 --- [           main] .s.d.r.c.RepositoryConfigurationDelegate : Finished Spring Data repository scanning in 9 ms. Found 2 JPA repository interfaces.
2025-10-17T13:48:47.849+03:00  INFO 46720 --- [           main] com.zaxxer.hikari.HikariDataSource       : HikariPool-15 - Starting...
2025-10-17T13:48:47.850+03:00  INFO 46720 --- [           main] com.zaxxer.hikari.pool.HikariPool        : HikariPool-15 - Added connection conn58: url=jdbc:h2:mem:testdb user=SA
2025-10-17T13:48:47.850+03:00  INFO 46720 --- [           main] com.zaxxer.hikari.HikariDataSource       : HikariPool-15 - Start completed.
2025-10-17T13:48:47.851+03:00  INFO 46720 --- [           main] o.hibernate.jpa.internal.util.LogHelper  : HHH000204: Processing PersistenceUnitInfo [name: default]
2025-10-17T13:48:47.854+03:00  INFO 46720 --- [           main] o.h.c.internal.RegionFactoryInitiator    : HHH000026: Second-level cache disabled
2025-10-17T13:48:47.863+03:00  INFO 46720 --- [           main] o.s.o.j.p.SpringPersistenceUnitInfo      : No LoadTimeWeaver setup: ignoring JPA class transformer
2025-10-17T13:48:47.864+03:00  INFO 46720 --- [           main] org.hibernate.orm.connections.pooling    : HHH10001005: Database info:
	Database JDBC URL [Connecting through datasource 'HikariDataSource (HikariPool-15)']
	Database driver: undefined/unknown
	Database version: 2.3.232
	Autocommit mode: undefined/unknown
	Isolation level: undefined/unknown
	Minimum pool size: undefined/unknown
	Maximum pool size: undefined/unknown
2025-10-17T13:48:47.888+03:00  INFO 46720 --- [           main] o.h.e.t.j.p.i.JtaPlatformInitiator       : HHH000489: No JTA platform available (set 'hibernate.transaction.jta.platform' to enable JTA platform integration)
2025-10-17T13:48:47.890+03:00  INFO 46720 --- [           main] j.LocalContainerEntityManagerFactoryBean : Initialized JPA EntityManagerFactory for persistence unit 'default'
2025-10-17T13:48:47.920+03:00  WARN 46720 --- [           main] JpaBaseConfiguration$JpaWebConfiguration : spring.jpa.open-in-view is enabled by default. Therefore, database queries may be performed during view rendering. Explicitly configure spring.jpa.open-in-view to disable this warning
2025-10-17T13:48:47.968+03:00  INFO 46720 --- [           main] o.s.b.t.m.w.SpringBootMockServletContext : Initializing Spring TestDispatcherServlet ''
2025-10-17T13:48:47.968+03:00  INFO 46720 --- [           main] o.s.t.web.servlet.TestDispatcherServlet  : Initializing Servlet ''
2025-10-17T13:48:47.968+03:00  INFO 46720 --- [           main] o.s.t.web.servlet.TestDispatcherServlet  : Completed initialization in 0 ms
2025-10-17T13:48:47.974+03:00  INFO 46720 --- [           main] c.l.d.c.BookControllerIntegrationTests   : Started BookControllerIntegrationTests in 0.278 seconds (process running for 13.457)
2025-10-17T13:48:47.990+03:00  INFO 46720 --- [           main] j.LocalContainerEntityManagerFactoryBean : Closing JPA EntityManagerFactory for persistence unit 'default'
2025-10-17T13:48:47.991+03:00  INFO 46720 --- [           main] com.zaxxer.hikari.HikariDataSource       : HikariPool-15 - Shutdown initiated...
2025-10-17T13:48:48.003+03:00  INFO 46720 --- [           main] com.zaxxer.hikari.HikariDataSource       : HikariPool-15 - Shutdown completed.
]]></system-out>
  </testcase>
  <testcase name="testThatBookCanBeCreated" classname="com.leonard.databasePostgreSQL.controllers.BookControllerIntegrationTests" time="0.059">
    <system-out><![CDATA[
  .   ____          _            __ _ _
 /\\ / ___'_ __ _ _(_)_ __  __ _ \ \ \ \
( ( )\___ | '_ | '_| | '_ \/ _` | \ \ \ \
 \\/  ___)| |_)| | | | | || (_| |  ) ) ) )
  '  |____| .__|_| |_|_| |_\__, | / / / /
 =========|_|==============|___/=/_/_/_/

 :: Spring Boot ::                (v3.5.6)

2025-10-17T13:48:48.026+03:00  INFO 46720 --- [           main] c.l.d.c.BookControllerIntegrationTests   : Starting BookControllerIntegrationTests using Java 17.0.16 with PID 46720 (started by leofl in C:\Users\leofl\Desktop\java\databasePostgreSQL)
2025-10-17T13:48:48.026+03:00  INFO 46720 --- [           main] c.l.d.c.BookControllerIntegrationTests   : No active profile set, falling back to 1 default profile: "default"
2025-10-17T13:48:48.121+03:00  INFO 46720 --- [           main] .s.d.r.c.RepositoryConfigurationDelegate : Bootstrapping Spring Data JPA repositories in DEFAULT mode.
2025-10-17T13:48:48.135+03:00  INFO 46720 --- [           main] .s.d.r.c.RepositoryConfigurationDelegate : Finished Spring Data repository scanning in 13 ms. Found 2 JPA repository interfaces.
2025-10-17T13:48:48.183+03:00  INFO 46720 --- [           main] com.zaxxer.hikari.HikariDataSource       : HikariPool-16 - Starting...
2025-10-17T13:48:48.185+03:00  INFO 46720 --- [           main] com.zaxxer.hikari.pool.HikariPool        : HikariPool-16 - Added connection conn60: url=jdbc:h2:mem:testdb user=SA
2025-10-17T13:48:48.185+03:00  INFO 46720 --- [           main] com.zaxxer.hikari.HikariDataSource       : HikariPool-16 - Start completed.
2025-10-17T13:48:48.186+03:00  INFO 46720 --- [           main] o.hibernate.jpa.internal.util.LogHelper  : HHH000204: Processing PersistenceUnitInfo [name: default]
2025-10-17T13:48:48.189+03:00  INFO 46720 --- [           main] o.h.c.internal.RegionFactoryInitiator    : HHH000026: Second-level cache disabled
2025-10-17T13:48:48.198+03:00  INFO 46720 --- [           main] o.s.o.j.p.SpringPersistenceUnitInfo      : No LoadTimeWeaver setup: ignoring JPA class transformer
2025-10-17T13:48:48.200+03:00  INFO 46720 --- [           main] org.hibernate.orm.connections.pooling    : HHH10001005: Database info:
	Database JDBC URL [Connecting through datasource 'HikariDataSource (HikariPool-16)']
	Database driver: undefined/unknown
	Database version: 2.3.232
	Autocommit mode: undefined/unknown
	Isolation level: undefined/unknown
	Minimum pool size: undefined/unknown
	Maximum pool size: undefined/unknown
2025-10-17T13:48:48.224+03:00  INFO 46720 --- [           main] o.h.e.t.j.p.i.JtaPlatformInitiator       : HHH000489: No JTA platform available (set 'hibernate.transaction.jta.platform' to enable JTA platform integration)
2025-10-17T13:48:48.228+03:00  INFO 46720 --- [           main] j.LocalContainerEntityManagerFactoryBean : Initialized JPA EntityManagerFactory for persistence unit 'default'
2025-10-17T13:48:48.266+03:00  WARN 46720 --- [           main] JpaBaseConfiguration$JpaWebConfiguration : spring.jpa.open-in-view is enabled by default. Therefore, database queries may be performed during view rendering. Explicitly configure spring.jpa.open-in-view to disable this warning
2025-10-17T13:48:48.328+03:00  INFO 46720 --- [           main] o.s.b.t.m.w.SpringBootMockServletContext : Initializing Spring TestDispatcherServlet ''
2025-10-17T13:48:48.328+03:00  INFO 46720 --- [           main] o.s.t.web.servlet.TestDispatcherServlet  : Initializing Servlet ''
2025-10-17T13:48:48.328+03:00  INFO 46720 --- [           main] o.s.t.web.servlet.TestDispatcherServlet  : Completed initialization in 0 ms
2025-10-17T13:48:48.334+03:00  INFO 46720 --- [           main] c.l.d.c.BookControllerIntegrationTests   : Started BookControllerIntegrationTests in 0.326 seconds (process running for 13.816)
2025-10-17T13:48:48.356+03:00  INFO 46720 --- [           main] j.LocalContainerEntityManagerFactoryBean : Closing JPA EntityManagerFactory for persistence unit 'default'
2025-10-17T13:48:48.359+03:00  INFO 46720 --- [           main] com.zaxxer.hikari.HikariDataSource       : HikariPool-16 - Shutdown initiated...
2025-10-17T13:48:48.393+03:00  INFO 46720 --- [           main] com.zaxxer.hikari.HikariDataSource       : HikariPool-16 - Shutdown completed.
]]></system-out>
  </testcase>
  <testcase name="testThatGetBookByIdSuccessfullyReturnsHttpStatus200" classname="com.leonard.databasePostgreSQL.controllers.BookControllerIntegrationTests" time="0.025">
    <system-out><![CDATA[
  .   ____          _            __ _ _
 /\\ / ___'_ __ _ _(_)_ __  __ _ \ \ \ \
( ( )\___ | '_ | '_| | '_ \/ _` | \ \ \ \
 \\/  ___)| |_)| | | | | || (_| |  ) ) ) )
  '  |____| .__|_| |_|_| |_\__, | / / / /
 =========|_|==============|___/=/_/_/_/

 :: Spring Boot ::                (v3.5.6)

2025-10-17T13:48:48.412+03:00  INFO 46720 --- [           main] c.l.d.c.BookControllerIntegrationTests   : Starting BookControllerIntegrationTests using Java 17.0.16 with PID 46720 (started by leofl in C:\Users\leofl\Desktop\java\databasePostgreSQL)
2025-10-17T13:48:48.412+03:00  INFO 46720 --- [           main] c.l.d.c.BookControllerIntegrationTests   : No active profile set, falling back to 1 default profile: "default"
2025-10-17T13:48:48.502+03:00  INFO 46720 --- [           main] .s.d.r.c.RepositoryConfigurationDelegate : Bootstrapping Spring Data JPA repositories in DEFAULT mode.
2025-10-17T13:48:48.513+03:00  INFO 46720 --- [           main] .s.d.r.c.RepositoryConfigurationDelegate : Finished Spring Data repository scanning in 9 ms. Found 2 JPA repository interfaces.
2025-10-17T13:48:48.545+03:00  INFO 46720 --- [           main] com.zaxxer.hikari.HikariDataSource       : HikariPool-17 - Starting...
2025-10-17T13:48:48.546+03:00  INFO 46720 --- [           main] com.zaxxer.hikari.pool.HikariPool        : HikariPool-17 - Added connection conn64: url=jdbc:h2:mem:testdb user=SA
2025-10-17T13:48:48.546+03:00  INFO 46720 --- [           main] com.zaxxer.hikari.HikariDataSource       : HikariPool-17 - Start completed.
2025-10-17T13:48:48.547+03:00  INFO 46720 --- [           main] o.hibernate.jpa.internal.util.LogHelper  : HHH000204: Processing PersistenceUnitInfo [name: default]
2025-10-17T13:48:48.551+03:00  INFO 46720 --- [           main] o.h.c.internal.RegionFactoryInitiator    : HHH000026: Second-level cache disabled
2025-10-17T13:48:48.559+03:00  INFO 46720 --- [           main] o.s.o.j.p.SpringPersistenceUnitInfo      : No LoadTimeWeaver setup: ignoring JPA class transformer
2025-10-17T13:48:48.561+03:00  INFO 46720 --- [           main] org.hibernate.orm.connections.pooling    : HHH10001005: Database info:
	Database JDBC URL [Connecting through datasource 'HikariDataSource (HikariPool-17)']
	Database driver: undefined/unknown
	Database version: 2.3.232
	Autocommit mode: undefined/unknown
	Isolation level: undefined/unknown
	Minimum pool size: undefined/unknown
	Maximum pool size: undefined/unknown
2025-10-17T13:48:48.586+03:00  INFO 46720 --- [           main] o.h.e.t.j.p.i.JtaPlatformInitiator       : HHH000489: No JTA platform available (set 'hibernate.transaction.jta.platform' to enable JTA platform integration)
2025-10-17T13:48:48.589+03:00  INFO 46720 --- [           main] j.LocalContainerEntityManagerFactoryBean : Initialized JPA EntityManagerFactory for persistence unit 'default'
2025-10-17T13:48:48.614+03:00  WARN 46720 --- [           main] JpaBaseConfiguration$JpaWebConfiguration : spring.jpa.open-in-view is enabled by default. Therefore, database queries may be performed during view rendering. Explicitly configure spring.jpa.open-in-view to disable this warning
2025-10-17T13:48:48.666+03:00  INFO 46720 --- [           main] o.s.b.t.m.w.SpringBootMockServletContext : Initializing Spring TestDispatcherServlet ''
2025-10-17T13:48:48.666+03:00  INFO 46720 --- [           main] o.s.t.web.servlet.TestDispatcherServlet  : Initializing Servlet ''
2025-10-17T13:48:48.666+03:00  INFO 46720 --- [           main] o.s.t.web.servlet.TestDispatcherServlet  : Completed initialization in 0 ms
2025-10-17T13:48:48.670+03:00  INFO 46720 --- [           main] c.l.d.c.BookControllerIntegrationTests   : Started BookControllerIntegrationTests in 0.275 seconds (process running for 14.153)
2025-10-17T13:48:48.684+03:00  INFO 46720 --- [           main] j.LocalContainerEntityManagerFactoryBean : Closing JPA EntityManagerFactory for persistence unit 'default'
2025-10-17T13:48:48.685+03:00  INFO 46720 --- [           main] com.zaxxer.hikari.HikariDataSource       : HikariPool-17 - Shutdown initiated...
2025-10-17T13:48:48.696+03:00  INFO 46720 --- [           main] com.zaxxer.hikari.HikariDataSource       : HikariPool-17 - Shutdown completed.
]]></system-out>
  </testcase>
  <testcase name="testThatGetBookByIdSuccessfullyReturnsHttpStatus404" classname="com.leonard.databasePostgreSQL.controllers.BookControllerIntegrationTests" time="0.025">
    <system-out><![CDATA[
  .   ____          _            __ _ _
 /\\ / ___'_ __ _ _(_)_ __  __ _ \ \ \ \
( ( )\___ | '_ | '_| | '_ \/ _` | \ \ \ \
 \\/  ___)| |_)| | | | | || (_| |  ) ) ) )
  '  |____| .__|_| |_|_| |_\__, | / / / /
 =========|_|==============|___/=/_/_/_/

 :: Spring Boot ::                (v3.5.6)

2025-10-17T13:48:48.712+03:00  INFO 46720 --- [           main] c.l.d.c.BookControllerIntegrationTests   : Starting BookControllerIntegrationTests using Java 17.0.16 with PID 46720 (started by leofl in C:\Users\leofl\Desktop\java\databasePostgreSQL)
2025-10-17T13:48:48.712+03:00  INFO 46720 --- [           main] c.l.d.c.BookControllerIntegrationTests   : No active profile set, falling back to 1 default profile: "default"
2025-10-17T13:48:48.807+03:00  INFO 46720 --- [           main] .s.d.r.c.RepositoryConfigurationDelegate : Bootstrapping Spring Data JPA repositories in DEFAULT mode.
2025-10-17T13:48:48.820+03:00  INFO 46720 --- [           main] .s.d.r.c.RepositoryConfigurationDelegate : Finished Spring Data repository scanning in 10 ms. Found 2 JPA repository interfaces.
2025-10-17T13:48:48.854+03:00  INFO 46720 --- [           main] com.zaxxer.hikari.HikariDataSource       : HikariPool-18 - Starting...
2025-10-17T13:48:48.856+03:00  INFO 46720 --- [           main] com.zaxxer.hikari.pool.HikariPool        : HikariPool-18 - Added connection conn66: url=jdbc:h2:mem:testdb user=SA
2025-10-17T13:48:48.856+03:00  INFO 46720 --- [           main] com.zaxxer.hikari.HikariDataSource       : HikariPool-18 - Start completed.
2025-10-17T13:48:48.857+03:00  INFO 46720 --- [           main] o.hibernate.jpa.internal.util.LogHelper  : HHH000204: Processing PersistenceUnitInfo [name: default]
2025-10-17T13:48:48.860+03:00  INFO 46720 --- [           main] o.h.c.internal.RegionFactoryInitiator    : HHH000026: Second-level cache disabled
2025-10-17T13:48:48.868+03:00  INFO 46720 --- [           main] o.s.o.j.p.SpringPersistenceUnitInfo      : No LoadTimeWeaver setup: ignoring JPA class transformer
2025-10-17T13:48:48.870+03:00  INFO 46720 --- [           main] org.hibernate.orm.connections.pooling    : HHH10001005: Database info:
	Database JDBC URL [Connecting through datasource 'HikariDataSource (HikariPool-18)']
	Database driver: undefined/unknown
	Database version: 2.3.232
	Autocommit mode: undefined/unknown
	Isolation level: undefined/unknown
	Minimum pool size: undefined/unknown
	Maximum pool size: undefined/unknown
2025-10-17T13:48:48.895+03:00  INFO 46720 --- [           main] o.h.e.t.j.p.i.JtaPlatformInitiator       : HHH000489: No JTA platform available (set 'hibernate.transaction.jta.platform' to enable JTA platform integration)
2025-10-17T13:48:48.898+03:00  INFO 46720 --- [           main] j.LocalContainerEntityManagerFactoryBean : Initialized JPA EntityManagerFactory for persistence unit 'default'
2025-10-17T13:48:48.922+03:00  WARN 46720 --- [           main] JpaBaseConfiguration$JpaWebConfiguration : spring.jpa.open-in-view is enabled by default. Therefore, database queries may be performed during view rendering. Explicitly configure spring.jpa.open-in-view to disable this warning
2025-10-17T13:48:48.968+03:00  INFO 46720 --- [           main] o.s.b.t.m.w.SpringBootMockServletContext : Initializing Spring TestDispatcherServlet ''
2025-10-17T13:48:48.968+03:00  INFO 46720 --- [           main] o.s.t.web.servlet.TestDispatcherServlet  : Initializing Servlet ''
2025-10-17T13:48:48.968+03:00  INFO 46720 --- [           main] o.s.t.web.servlet.TestDispatcherServlet  : Completed initialization in 0 ms
2025-10-17T13:48:48.972+03:00  INFO 46720 --- [           main] c.l.d.c.BookControllerIntegrationTests   : Started BookControllerIntegrationTests in 0.274 seconds (process running for 14.455)
2025-10-17T13:48:48.982+03:00  INFO 46720 --- [           main] j.LocalContainerEntityManagerFactoryBean : Closing JPA EntityManagerFactory for persistence unit 'default'
2025-10-17T13:48:48.983+03:00  INFO 46720 --- [           main] com.zaxxer.hikari.HikariDataSource       : HikariPool-18 - Shutdown initiated...
2025-10-17T13:48:48.998+03:00  INFO 46720 --- [           main] com.zaxxer.hikari.HikariDataSource       : HikariPool-18 - Shutdown completed.
]]></system-out>
  </testcase>
  <testcase name="testThatUpdateBookReturnsHttp200" classname="com.leonard.databasePostgreSQL.controllers.BookControllerIntegrationTests" time="0.022">
    <system-out><![CDATA[
  .   ____          _            __ _ _
 /\\ / ___'_ __ _ _(_)_ __  __ _ \ \ \ \
( ( )\___ | '_ | '_| | '_ \/ _` | \ \ \ \
 \\/  ___)| |_)| | | | | || (_| |  ) ) ) )
  '  |____| .__|_| |_|_| |_\__, | / / / /
 =========|_|==============|___/=/_/_/_/

 :: Spring Boot ::                (v3.5.6)

2025-10-17T13:48:49.017+03:00  INFO 46720 --- [           main] c.l.d.c.BookControllerIntegrationTests   : Starting BookControllerIntegrationTests using Java 17.0.16 with PID 46720 (started by leofl in C:\Users\leofl\Desktop\java\databasePostgreSQL)
2025-10-17T13:48:49.017+03:00  INFO 46720 --- [           main] c.l.d.c.BookControllerIntegrationTests   : No active profile set, falling back to 1 default profile: "default"
2025-10-17T13:48:49.122+03:00  INFO 46720 --- [           main] .s.d.r.c.RepositoryConfigurationDelegate : Bootstrapping Spring Data JPA repositories in DEFAULT mode.
2025-10-17T13:48:49.134+03:00  INFO 46720 --- [           main] .s.d.r.c.RepositoryConfigurationDelegate : Finished Spring Data repository scanning in 10 ms. Found 2 JPA repository interfaces.
2025-10-17T13:48:49.171+03:00  INFO 46720 --- [           main] com.zaxxer.hikari.HikariDataSource       : HikariPool-19 - Starting...
2025-10-17T13:48:49.173+03:00  INFO 46720 --- [           main] com.zaxxer.hikari.pool.HikariPool        : HikariPool-19 - Added connection conn68: url=jdbc:h2:mem:testdb user=SA
2025-10-17T13:48:49.173+03:00  INFO 46720 --- [           main] com.zaxxer.hikari.HikariDataSource       : HikariPool-19 - Start completed.
2025-10-17T13:48:49.174+03:00  INFO 46720 --- [           main] o.hibernate.jpa.internal.util.LogHelper  : HHH000204: Processing PersistenceUnitInfo [name: default]
2025-10-17T13:48:49.177+03:00  INFO 46720 --- [           main] o.h.c.internal.RegionFactoryInitiator    : HHH000026: Second-level cache disabled
2025-10-17T13:48:49.186+03:00  INFO 46720 --- [           main] o.s.o.j.p.SpringPersistenceUnitInfo      : No LoadTimeWeaver setup: ignoring JPA class transformer
2025-10-17T13:48:49.187+03:00  INFO 46720 --- [           main] org.hibernate.orm.connections.pooling    : HHH10001005: Database info:
	Database JDBC URL [Connecting through datasource 'HikariDataSource (HikariPool-19)']
	Database driver: undefined/unknown
	Database version: 2.3.232
	Autocommit mode: undefined/unknown
	Isolation level: undefined/unknown
	Minimum pool size: undefined/unknown
	Maximum pool size: undefined/unknown
2025-10-17T13:48:49.213+03:00  INFO 46720 --- [           main] o.h.e.t.j.p.i.JtaPlatformInitiator       : HHH000489: No JTA platform available (set 'hibernate.transaction.jta.platform' to enable JTA platform integration)
2025-10-17T13:48:49.216+03:00  INFO 46720 --- [           main] j.LocalContainerEntityManagerFactoryBean : Initialized JPA EntityManagerFactory for persistence unit 'default'
2025-10-17T13:48:49.241+03:00  WARN 46720 --- [           main] JpaBaseConfiguration$JpaWebConfiguration : spring.jpa.open-in-view is enabled by default. Therefore, database queries may be performed during view rendering. Explicitly configure spring.jpa.open-in-view to disable this warning
2025-10-17T13:48:49.282+03:00  INFO 46720 --- [           main] o.s.b.t.m.w.SpringBootMockServletContext : Initializing Spring TestDispatcherServlet ''
2025-10-17T13:48:49.282+03:00  INFO 46720 --- [           main] o.s.t.web.servlet.TestDispatcherServlet  : Initializing Servlet ''
2025-10-17T13:48:49.283+03:00  INFO 46720 --- [           main] o.s.t.web.servlet.TestDispatcherServlet  : Completed initialization in 1 ms
2025-10-17T13:48:49.287+03:00  INFO 46720 --- [           main] c.l.d.c.BookControllerIntegrationTests   : Started BookControllerIntegrationTests in 0.285 seconds (process running for 14.769)
2025-10-17T13:48:49.307+03:00  INFO 46720 --- [           main] j.LocalContainerEntityManagerFactoryBean : Closing JPA EntityManagerFactory for persistence unit 'default'
2025-10-17T13:48:49.307+03:00  INFO 46720 --- [           main] com.zaxxer.hikari.HikariDataSource       : HikariPool-19 - Shutdown initiated...
2025-10-17T13:48:49.309+03:00  INFO 46720 --- [           main] com.zaxxer.hikari.HikariDataSource       : HikariPool-19 - Shutdown completed.
]]></system-out>
  </testcase>
</testsuite>