<?xml version="1.0" encoding="UTF-8"?>
<testsuite xmlns:xsi="http://www.w3.org/2001/XMLSchema-instance" xsi:noNamespaceSchemaLocation="https://maven.apache.org/surefire/maven-surefire-plugin/xsd/surefire-test-report.xsd" version="3.0.2" name="com.leonard.databasePostgreSQL.repositories.AuthorEntityRepositoryIntegrationTests" time="2.498" tests="6" errors="0" skipped="0" failures="0">
  <properties>
[...]
</properties>
  <testcase name="testThatAuthorCanBeUpdated" classname="com.leonard.databasePostgreSQL.repositories.AuthorEntityRepositoryIntegrationTests" time="0.143">
    <system-out><![CDATA[2025-10-15T17:55:18.865+03:00  INFO 29564 --- [           main] t.c.s.AnnotationConfigContextLoaderUtils : Could not detect default configuration classes for test class [com.leonard.databasePostgreSQL.repositories.AuthorEntityRepositoryIntegrationTests]: AuthorEntityRepositoryIntegrationTests does not declare any static, non-private, non-final, nested classes annotated with @Configuration.
2025-10-15T17:55:18.875+03:00  INFO 29564 --- [           main] .b.t.c.SpringBootTestContextBootstrapper : Found @SpringBootConfiguration com.leonard.databasePostgreSQL.RestApiApplication for test class com.leonard.databasePostgreSQL.repositories.AuthorEntityRepositoryIntegrationTests

  .   ____          _            __ _ _
 /\\ / ___'_ __ _ _(_)_ __  __ _ \ \ \ \
( ( )\___ | '_ | '_| | '_ \/ _` | \ \ \ \
 \\/  ___)| |_)| | | | | || (_| |  ) ) ) )
  '  |____| .__|_| |_|_| |_\__, | / / / /
 =========|_|==============|___/=/_/_/_/

 :: Spring Boot ::                (v3.5.6)

2025-10-15T17:55:18.900+03:00  INFO 29564 --- [           main] r.AuthorEntityRepositoryIntegrationTests : Starting AuthorEntityRepositoryIntegrationTests using Java 17.0.16 with PID 29564 (started by leofl in C:\Users\leofl\Desktop\java\databasePostgreSQL)
2025-10-15T17:55:18.900+03:00  INFO 29564 --- [           main] r.AuthorEntityRepositoryIntegrationTests : No active profile set, falling back to 1 default profile: "default"
2025-10-15T17:55:19.005+03:00  INFO 29564 --- [           main] .s.d.r.c.RepositoryConfigurationDelegate : Bootstrapping Spring Data JPA repositories in DEFAULT mode.
2025-10-15T17:55:19.018+03:00  INFO 29564 --- [           main] .s.d.r.c.RepositoryConfigurationDelegate : Finished Spring Data repository scanning in 12 ms. Found 2 JPA repository interfaces.
2025-10-15T17:55:19.064+03:00  INFO 29564 --- [           main] com.zaxxer.hikari.HikariDataSource       : HikariPool-5 - Starting...
2025-10-15T17:55:19.067+03:00  INFO 29564 --- [           main] com.zaxxer.hikari.pool.HikariPool        : HikariPool-5 - Added connection conn25: url=jdbc:h2:mem:testdb user=SA
2025-10-15T17:55:19.067+03:00  INFO 29564 --- [           main] com.zaxxer.hikari.HikariDataSource       : HikariPool-5 - Start completed.
2025-10-15T17:55:19.068+03:00  INFO 29564 --- [           main] o.hibernate.jpa.internal.util.LogHelper  : HHH000204: Processing PersistenceUnitInfo [name: default]
2025-10-15T17:55:19.071+03:00  INFO 29564 --- [           main] o.h.c.internal.RegionFactoryInitiator    : HHH000026: Second-level cache disabled
2025-10-15T17:55:19.080+03:00  INFO 29564 --- [           main] o.s.o.j.p.SpringPersistenceUnitInfo      : No LoadTimeWeaver setup: ignoring JPA class transformer
2025-10-15T17:55:19.083+03:00  INFO 29564 --- [           main] org.hibernate.orm.connections.pooling    : HHH10001005: Database info:
	Database JDBC URL [Connecting through datasource 'HikariDataSource (HikariPool-5)']
	Database driver: undefined/unknown
	Database version: 2.3.232
	Autocommit mode: undefined/unknown
	Isolation level: undefined/unknown
	Minimum pool size: undefined/unknown
	Maximum pool size: undefined/unknown
2025-10-15T17:55:19.119+03:00  INFO 29564 --- [           main] o.h.e.t.j.p.i.JtaPlatformInitiator       : HHH000489: No JTA platform available (set 'hibernate.transaction.jta.platform' to enable JTA platform integration)
2025-10-15T17:55:19.122+03:00  INFO 29564 --- [           main] j.LocalContainerEntityManagerFactoryBean : Initialized JPA EntityManagerFactory for persistence unit 'default'
2025-10-15T17:55:19.158+03:00  WARN 29564 --- [           main] JpaBaseConfiguration$JpaWebConfiguration : spring.jpa.open-in-view is enabled by default. Therefore, database queries may be performed during view rendering. Explicitly configure spring.jpa.open-in-view to disable this warning
2025-10-15T17:55:19.223+03:00  INFO 29564 --- [           main] r.AuthorEntityRepositoryIntegrationTests : Started AuthorEntityRepositoryIntegrationTests in 0.344 seconds (process running for 7.476)
2025-10-15T17:55:19.360+03:00  INFO 29564 --- [           main] j.LocalContainerEntityManagerFactoryBean : Closing JPA EntityManagerFactory for persistence unit 'default'
2025-10-15T17:55:19.362+03:00  INFO 29564 --- [           main] com.zaxxer.hikari.HikariDataSource       : HikariPool-5 - Shutdown initiated...
2025-10-15T17:55:19.366+03:00  INFO 29564 --- [           main] com.zaxxer.hikari.HikariDataSource       : HikariPool-5 - Shutdown completed.
]]></system-out>
  </testcase>
  <testcase name="testThatGetAuthorsWithAgeGreaterThan" classname="com.leonard.databasePostgreSQL.repositories.AuthorEntityRepositoryIntegrationTests" time="0.138">
    <system-out><![CDATA[
  .   ____          _            __ _ _
 /\\ / ___'_ __ _ _(_)_ __  __ _ \ \ \ \
( ( )\___ | '_ | '_| | '_ \/ _` | \ \ \ \
 \\/  ___)| |_)| | | | | || (_| |  ) ) ) )
  '  |____| .__|_| |_|_| |_\__, | / / / /
 =========|_|==============|___/=/_/_/_/

 :: Spring Boot ::                (v3.5.6)

2025-10-15T17:55:19.388+03:00  INFO 29564 --- [           main] r.AuthorEntityRepositoryIntegrationTests : Starting AuthorEntityRepositoryIntegrationTests using Java 17.0.16 with PID 29564 (started by leofl in C:\Users\leofl\Desktop\java\databasePostgreSQL)
2025-10-15T17:55:19.388+03:00  INFO 29564 --- [           main] r.AuthorEntityRepositoryIntegrationTests : No active profile set, falling back to 1 default profile: "default"
2025-10-15T17:55:19.509+03:00  INFO 29564 --- [           main] .s.d.r.c.RepositoryConfigurationDelegate : Bootstrapping Spring Data JPA repositories in DEFAULT mode.
2025-10-15T17:55:19.522+03:00  INFO 29564 --- [           main] .s.d.r.c.RepositoryConfigurationDelegate : Finished Spring Data repository scanning in 11 ms. Found 2 JPA repository interfaces.
2025-10-15T17:55:19.568+03:00  INFO 29564 --- [           main] com.zaxxer.hikari.HikariDataSource       : HikariPool-6 - Starting...
2025-10-15T17:55:19.570+03:00  INFO 29564 --- [           main] com.zaxxer.hikari.pool.HikariPool        : HikariPool-6 - Added connection conn32: url=jdbc:h2:mem:testdb user=SA
2025-10-15T17:55:19.570+03:00  INFO 29564 --- [           main] com.zaxxer.hikari.HikariDataSource       : HikariPool-6 - Start completed.
2025-10-15T17:55:19.572+03:00  INFO 29564 --- [           main] o.hibernate.jpa.internal.util.LogHelper  : HHH000204: Processing PersistenceUnitInfo [name: default]
2025-10-15T17:55:19.575+03:00  INFO 29564 --- [           main] o.h.c.internal.RegionFactoryInitiator    : HHH000026: Second-level cache disabled
2025-10-15T17:55:19.583+03:00  INFO 29564 --- [           main] o.s.o.j.p.SpringPersistenceUnitInfo      : No LoadTimeWeaver setup: ignoring JPA class transformer
2025-10-15T17:55:19.584+03:00  INFO 29564 --- [           main] org.hibernate.orm.connections.pooling    : HHH10001005: Database info:
	Database JDBC URL [Connecting through datasource 'HikariDataSource (HikariPool-6)']
	Database driver: undefined/unknown
	Database version: 2.3.232
	Autocommit mode: undefined/unknown
	Isolation level: undefined/unknown
	Minimum pool size: undefined/unknown
	Maximum pool size: undefined/unknown
2025-10-15T17:55:19.617+03:00  INFO 29564 --- [           main] o.h.e.t.j.p.i.JtaPlatformInitiator       : HHH000489: No JTA platform available (set 'hibernate.transaction.jta.platform' to enable JTA platform integration)
2025-10-15T17:55:19.621+03:00  INFO 29564 --- [           main] j.LocalContainerEntityManagerFactoryBean : Initialized JPA EntityManagerFactory for persistence unit 'default'
2025-10-15T17:55:19.660+03:00  WARN 29564 --- [           main] JpaBaseConfiguration$JpaWebConfiguration : spring.jpa.open-in-view is enabled by default. Therefore, database queries may be performed during view rendering. Explicitly configure spring.jpa.open-in-view to disable this warning
2025-10-15T17:55:19.736+03:00  INFO 29564 --- [           main] r.AuthorEntityRepositoryIntegrationTests : Started AuthorEntityRepositoryIntegrationTests in 0.367 seconds (process running for 7.99)
2025-10-15T17:55:19.840+03:00  INFO 29564 --- [           main] j.LocalContainerEntityManagerFactoryBean : Closing JPA EntityManagerFactory for persistence unit 'default'
2025-10-15T17:55:19.842+03:00  INFO 29564 --- [           main] com.zaxxer.hikari.HikariDataSource       : HikariPool-6 - Shutdown initiated...
2025-10-15T17:55:19.874+03:00  INFO 29564 --- [           main] com.zaxxer.hikari.HikariDataSource       : HikariPool-6 - Shutdown completed.
]]></system-out>
  </testcase>
  <testcase name="testThatAuthorCanBeDeleted" classname="com.leonard.databasePostgreSQL.repositories.AuthorEntityRepositoryIntegrationTests" time="0.055">
    <system-out><![CDATA[
  .   ____          _            __ _ _
 /\\ / ___'_ __ _ _(_)_ __  __ _ \ \ \ \
( ( )\___ | '_ | '_| | '_ \/ _` | \ \ \ \
 \\/  ___)| |_)| | | | | || (_| |  ) ) ) )
  '  |____| .__|_| |_|_| |_\__, | / / / /
 =========|_|==============|___/=/_/_/_/

 :: Spring Boot ::                (v3.5.6)

2025-10-15T17:55:19.891+03:00  INFO 29564 --- [           main] r.AuthorEntityRepositoryIntegrationTests : Starting AuthorEntityRepositoryIntegrationTests using Java 17.0.16 with PID 29564 (started by leofl in C:\Users\leofl\Desktop\java\databasePostgreSQL)
2025-10-15T17:55:19.891+03:00  INFO 29564 --- [           main] r.AuthorEntityRepositoryIntegrationTests : No active profile set, falling back to 1 default profile: "default"
2025-10-15T17:55:19.980+03:00  INFO 29564 --- [           main] .s.d.r.c.RepositoryConfigurationDelegate : Bootstrapping Spring Data JPA repositories in DEFAULT mode.
2025-10-15T17:55:19.995+03:00  INFO 29564 --- [           main] .s.d.r.c.RepositoryConfigurationDelegate : Finished Spring Data repository scanning in 13 ms. Found 2 JPA repository interfaces.
2025-10-15T17:55:20.041+03:00  INFO 29564 --- [           main] com.zaxxer.hikari.HikariDataSource       : HikariPool-7 - Starting...
2025-10-15T17:55:20.042+03:00  INFO 29564 --- [           main] com.zaxxer.hikari.pool.HikariPool        : HikariPool-7 - Added connection conn38: url=jdbc:h2:mem:testdb user=SA
2025-10-15T17:55:20.043+03:00  INFO 29564 --- [           main] com.zaxxer.hikari.HikariDataSource       : HikariPool-7 - Start completed.
2025-10-15T17:55:20.044+03:00  INFO 29564 --- [           main] o.hibernate.jpa.internal.util.LogHelper  : HHH000204: Processing PersistenceUnitInfo [name: default]
2025-10-15T17:55:20.046+03:00  INFO 29564 --- [           main] o.h.c.internal.RegionFactoryInitiator    : HHH000026: Second-level cache disabled
2025-10-15T17:55:20.054+03:00  INFO 29564 --- [           main] o.s.o.j.p.SpringPersistenceUnitInfo      : No LoadTimeWeaver setup: ignoring JPA class transformer
2025-10-15T17:55:20.056+03:00  INFO 29564 --- [           main] org.hibernate.orm.connections.pooling    : HHH10001005: Database info:
	Database JDBC URL [Connecting through datasource 'HikariDataSource (HikariPool-7)']
	Database driver: undefined/unknown
	Database version: 2.3.232
	Autocommit mode: undefined/unknown
	Isolation level: undefined/unknown
	Minimum pool size: undefined/unknown
	Maximum pool size: undefined/unknown
2025-10-15T17:55:20.085+03:00  INFO 29564 --- [           main] o.h.e.t.j.p.i.JtaPlatformInitiator       : HHH000489: No JTA platform available (set 'hibernate.transaction.jta.platform' to enable JTA platform integration)
2025-10-15T17:55:20.089+03:00  INFO 29564 --- [           main] j.LocalContainerEntityManagerFactoryBean : Initialized JPA EntityManagerFactory for persistence unit 'default'
2025-10-15T17:55:20.124+03:00  WARN 29564 --- [           main] JpaBaseConfiguration$JpaWebConfiguration : spring.jpa.open-in-view is enabled by default. Therefore, database queries may be performed during view rendering. Explicitly configure spring.jpa.open-in-view to disable this warning
2025-10-15T17:55:20.197+03:00  INFO 29564 --- [           main] r.AuthorEntityRepositoryIntegrationTests : Started AuthorEntityRepositoryIntegrationTests in 0.32 seconds (process running for 8.45)
2025-10-15T17:55:20.224+03:00  INFO 29564 --- [           main] j.LocalContainerEntityManagerFactoryBean : Closing JPA EntityManagerFactory for persistence unit 'default'
2025-10-15T17:55:20.226+03:00  INFO 29564 --- [           main] com.zaxxer.hikari.HikariDataSource       : HikariPool-7 - Shutdown initiated...
2025-10-15T17:55:20.253+03:00  INFO 29564 --- [           main] com.zaxxer.hikari.HikariDataSource       : HikariPool-7 - Shutdown completed.
]]></system-out>
  </testcase>
  <testcase name="testThatMultipleAuthorsCanBeCreatedAndRecalled" classname="com.leonard.databasePostgreSQL.repositories.AuthorEntityRepositoryIntegrationTests" time="0.123">
    <system-out><![CDATA[
  .   ____          _            __ _ _
 /\\ / ___'_ __ _ _(_)_ __  __ _ \ \ \ \
( ( )\___ | '_ | '_| | '_ \/ _` | \ \ \ \
 \\/  ___)| |_)| | | | | || (_| |  ) ) ) )
  '  |____| .__|_| |_|_| |_\__, | / / / /
 =========|_|==============|___/=/_/_/_/

 :: Spring Boot ::                (v3.5.6)

2025-10-15T17:55:20.276+03:00  INFO 29564 --- [           main] r.AuthorEntityRepositoryIntegrationTests : Starting AuthorEntityRepositoryIntegrationTests using Java 17.0.16 with PID 29564 (started by leofl in C:\Users\leofl\Desktop\java\databasePostgreSQL)
2025-10-15T17:55:20.276+03:00  INFO 29564 --- [           main] r.AuthorEntityRepositoryIntegrationTests : No active profile set, falling back to 1 default profile: "default"
2025-10-15T17:55:20.378+03:00  INFO 29564 --- [           main] .s.d.r.c.RepositoryConfigurationDelegate : Bootstrapping Spring Data JPA repositories in DEFAULT mode.
2025-10-15T17:55:20.391+03:00  INFO 29564 --- [           main] .s.d.r.c.RepositoryConfigurationDelegate : Finished Spring Data repository scanning in 11 ms. Found 2 JPA repository interfaces.
2025-10-15T17:55:20.437+03:00  INFO 29564 --- [           main] com.zaxxer.hikari.HikariDataSource       : HikariPool-8 - Starting...
2025-10-15T17:55:20.439+03:00  INFO 29564 --- [           main] com.zaxxer.hikari.pool.HikariPool        : HikariPool-8 - Added connection conn42: url=jdbc:h2:mem:testdb user=SA
2025-10-15T17:55:20.439+03:00  INFO 29564 --- [           main] com.zaxxer.hikari.HikariDataSource       : HikariPool-8 - Start completed.
2025-10-15T17:55:20.440+03:00  INFO 29564 --- [           main] o.hibernate.jpa.internal.util.LogHelper  : HHH000204: Processing PersistenceUnitInfo [name: default]
2025-10-15T17:55:20.443+03:00  INFO 29564 --- [           main] o.h.c.internal.RegionFactoryInitiator    : HHH000026: Second-level cache disabled
2025-10-15T17:55:20.452+03:00  INFO 29564 --- [           main] o.s.o.j.p.SpringPersistenceUnitInfo      : No LoadTimeWeaver setup: ignoring JPA class transformer
2025-10-15T17:55:20.453+03:00  INFO 29564 --- [           main] org.hibernate.orm.connections.pooling    : HHH10001005: Database info:
	Database JDBC URL [Connecting through datasource 'HikariDataSource (HikariPool-8)']
	Database driver: undefined/unknown
	Database version: 2.3.232
	Autocommit mode: undefined/unknown
	Isolation level: undefined/unknown
	Minimum pool size: undefined/unknown
	Maximum pool size: undefined/unknown
2025-10-15T17:55:20.479+03:00  INFO 29564 --- [           main] o.h.e.t.j.p.i.JtaPlatformInitiator       : HHH000489: No JTA platform available (set 'hibernate.transaction.jta.platform' to enable JTA platform integration)
2025-10-15T17:55:20.482+03:00  INFO 29564 --- [           main] j.LocalContainerEntityManagerFactoryBean : Initialized JPA EntityManagerFactory for persistence unit 'default'
2025-10-15T17:55:20.530+03:00  WARN 29564 --- [           main] JpaBaseConfiguration$JpaWebConfiguration : spring.jpa.open-in-view is enabled by default. Therefore, database queries may be performed during view rendering. Explicitly configure spring.jpa.open-in-view to disable this warning
2025-10-15T17:55:20.589+03:00  INFO 29564 --- [           main] r.AuthorEntityRepositoryIntegrationTests : Started AuthorEntityRepositoryIntegrationTests in 0.333 seconds (process running for 8.842)
2025-10-15T17:55:20.691+03:00  INFO 29564 --- [           main] j.LocalContainerEntityManagerFactoryBean : Closing JPA EntityManagerFactory for persistence unit 'default'
2025-10-15T17:55:20.692+03:00  INFO 29564 --- [           main] com.zaxxer.hikari.HikariDataSource       : HikariPool-8 - Shutdown initiated...
2025-10-15T17:55:20.712+03:00  INFO 29564 --- [           main] com.zaxxer.hikari.HikariDataSource       : HikariPool-8 - Shutdown completed.
]]></system-out>
  </testcase>
  <testcase name="testThatAuthorCanBeCreatedAndRecalled" classname="com.leonard.databasePostgreSQL.repositories.AuthorEntityRepositoryIntegrationTests" time="0.01">
    <system-out><![CDATA[
  .   ____          _            __ _ _
 /\\ / ___'_ __ _ _(_)_ __  __ _ \ \ \ \
( ( )\___ | '_ | '_| | '_ \/ _` | \ \ \ \
 \\/  ___)| |_)| | | | | || (_| |  ) ) ) )
  '  |____| .__|_| |_|_| |_\__, | / / / /
 =========|_|==============|___/=/_/_/_/

 :: Spring Boot ::                (v3.5.6)

2025-10-15T17:55:20.733+03:00  INFO 29564 --- [           main] r.AuthorEntityRepositoryIntegrationTests : Starting AuthorEntityRepositoryIntegrationTests using Java 17.0.16 with PID 29564 (started by leofl in C:\Users\leofl\Desktop\java\databasePostgreSQL)
2025-10-15T17:55:20.734+03:00  INFO 29564 --- [           main] r.AuthorEntityRepositoryIntegrationTests : No active profile set, falling back to 1 default profile: "default"
2025-10-15T17:55:20.828+03:00  INFO 29564 --- [           main] .s.d.r.c.RepositoryConfigurationDelegate : Bootstrapping Spring Data JPA repositories in DEFAULT mode.
2025-10-15T17:55:20.839+03:00  INFO 29564 --- [           main] .s.d.r.c.RepositoryConfigurationDelegate : Finished Spring Data repository scanning in 10 ms. Found 2 JPA repository interfaces.
2025-10-15T17:55:20.875+03:00  INFO 29564 --- [           main] com.zaxxer.hikari.HikariDataSource       : HikariPool-9 - Starting...
2025-10-15T17:55:20.877+03:00  INFO 29564 --- [           main] com.zaxxer.hikari.pool.HikariPool        : HikariPool-9 - Added connection conn48: url=jdbc:h2:mem:testdb user=SA
2025-10-15T17:55:20.877+03:00  INFO 29564 --- [           main] com.zaxxer.hikari.HikariDataSource       : HikariPool-9 - Start completed.
2025-10-15T17:55:20.878+03:00  INFO 29564 --- [           main] o.hibernate.jpa.internal.util.LogHelper  : HHH000204: Processing PersistenceUnitInfo [name: default]
2025-10-15T17:55:20.881+03:00  INFO 29564 --- [           main] o.h.c.internal.RegionFactoryInitiator    : HHH000026: Second-level cache disabled
2025-10-15T17:55:20.888+03:00  INFO 29564 --- [           main] o.s.o.j.p.SpringPersistenceUnitInfo      : No LoadTimeWeaver setup: ignoring JPA class transformer
2025-10-15T17:55:20.890+03:00  INFO 29564 --- [           main] org.hibernate.orm.connections.pooling    : HHH10001005: Database info:
	Database JDBC URL [Connecting through datasource 'HikariDataSource (HikariPool-9)']
	Database driver: undefined/unknown
	Database version: 2.3.232
	Autocommit mode: undefined/unknown
	Isolation level: undefined/unknown
	Minimum pool size: undefined/unknown
	Maximum pool size: undefined/unknown
2025-10-15T17:55:20.912+03:00  INFO 29564 --- [           main] o.h.e.t.j.p.i.JtaPlatformInitiator       : HHH000489: No JTA platform available (set 'hibernate.transaction.jta.platform' to enable JTA platform integration)
2025-10-15T17:55:20.916+03:00  INFO 29564 --- [           main] j.LocalContainerEntityManagerFactoryBean : Initialized JPA EntityManagerFactory for persistence unit 'default'
2025-10-15T17:55:20.944+03:00  WARN 29564 --- [           main] JpaBaseConfiguration$JpaWebConfiguration : spring.jpa.open-in-view is enabled by default. Therefore, database queries may be performed during view rendering. Explicitly configure spring.jpa.open-in-view to disable this warning
2025-10-15T17:55:21.000+03:00  INFO 29564 --- [           main] r.AuthorEntityRepositoryIntegrationTests : Started AuthorEntityRepositoryIntegrationTests in 0.286 seconds (process running for 9.254)
2025-10-15T17:55:21.008+03:00  INFO 29564 --- [           main] j.LocalContainerEntityManagerFactoryBean : Closing JPA EntityManagerFactory for persistence unit 'default'
2025-10-15T17:55:21.009+03:00  INFO 29564 --- [           main] com.zaxxer.hikari.HikariDataSource       : HikariPool-9 - Shutdown initiated...
2025-10-15T17:55:21.011+03:00  INFO 29564 --- [           main] com.zaxxer.hikari.HikariDataSource       : HikariPool-9 - Shutdown completed.
]]></system-out>
  </testcase>
  <testcase name="testThatGetAuthorsWithAgeLessThan" classname="com.leonard.databasePostgreSQL.repositories.AuthorEntityRepositoryIntegrationTests" time="0.081">
    <system-out><![CDATA[
  .   ____          _            __ _ _
 /\\ / ___'_ __ _ _(_)_ __  __ _ \ \ \ \
( ( )\___ | '_ | '_| | '_ \/ _` | \ \ \ \
 \\/  ___)| |_)| | | | | || (_| |  ) ) ) )
  '  |____| .__|_| |_|_| |_\__, | / / / /
 =========|_|==============|___/=/_/_/_/

 :: Spring Boot ::                (v3.5.6)

2025-10-15T17:55:21.028+03:00  INFO 29564 --- [           main] r.AuthorEntityRepositoryIntegrationTests : Starting AuthorEntityRepositoryIntegrationTests using Java 17.0.16 with PID 29564 (started by leofl in C:\Users\leofl\Desktop\java\databasePostgreSQL)
2025-10-15T17:55:21.028+03:00  INFO 29564 --- [           main] r.AuthorEntityRepositoryIntegrationTests : No active profile set, falling back to 1 default profile: "default"
2025-10-15T17:55:21.121+03:00  INFO 29564 --- [           main] .s.d.r.c.RepositoryConfigurationDelegate : Bootstrapping Spring Data JPA repositories in DEFAULT mode.
2025-10-15T17:55:21.132+03:00  INFO 29564 --- [           main] .s.d.r.c.RepositoryConfigurationDelegate : Finished Spring Data repository scanning in 10 ms. Found 2 JPA repository interfaces.
2025-10-15T17:55:21.164+03:00  INFO 29564 --- [           main] com.zaxxer.hikari.HikariDataSource       : HikariPool-10 - Starting...
2025-10-15T17:55:21.166+03:00  INFO 29564 --- [           main] com.zaxxer.hikari.pool.HikariPool        : HikariPool-10 - Added connection conn50: url=jdbc:h2:mem:testdb user=SA
2025-10-15T17:55:21.166+03:00  INFO 29564 --- [           main] com.zaxxer.hikari.HikariDataSource       : HikariPool-10 - Start completed.
2025-10-15T17:55:21.167+03:00  INFO 29564 --- [           main] o.hibernate.jpa.internal.util.LogHelper  : HHH000204: Processing PersistenceUnitInfo [name: default]
2025-10-15T17:55:21.170+03:00  INFO 29564 --- [           main] o.h.c.internal.RegionFactoryInitiator    : HHH000026: Second-level cache disabled
2025-10-15T17:55:21.178+03:00  INFO 29564 --- [           main] o.s.o.j.p.SpringPersistenceUnitInfo      : No LoadTimeWeaver setup: ignoring JPA class transformer
2025-10-15T17:55:21.179+03:00  INFO 29564 --- [           main] org.hibernate.orm.connections.pooling    : HHH10001005: Database info:
	Database JDBC URL [Connecting through datasource 'HikariDataSource (HikariPool-10)']
	Database driver: undefined/unknown
	Database version: 2.3.232
	Autocommit mode: undefined/unknown
	Isolation level: undefined/unknown
	Minimum pool size: undefined/unknown
	Maximum pool size: undefined/unknown
2025-10-15T17:55:21.204+03:00  INFO 29564 --- [           main] o.h.e.t.j.p.i.JtaPlatformInitiator       : HHH000489: No JTA platform available (set 'hibernate.transaction.jta.platform' to enable JTA platform integration)
2025-10-15T17:55:21.208+03:00  INFO 29564 --- [           main] j.LocalContainerEntityManagerFactoryBean : Initialized JPA EntityManagerFactory for persistence unit 'default'
2025-10-15T17:55:21.232+03:00  WARN 29564 --- [           main] JpaBaseConfiguration$JpaWebConfiguration : spring.jpa.open-in-view is enabled by default. Therefore, database queries may be performed during view rendering. Explicitly configure spring.jpa.open-in-view to disable this warning
2025-10-15T17:55:21.279+03:00  INFO 29564 --- [           main] r.AuthorEntityRepositoryIntegrationTests : Started AuthorEntityRepositoryIntegrationTests in 0.266 seconds (process running for 9.533)
2025-10-15T17:55:21.349+03:00  INFO 29564 --- [           main] j.LocalContainerEntityManagerFactoryBean : Closing JPA EntityManagerFactory for persistence unit 'default'
2025-10-15T17:55:21.351+03:00  INFO 29564 --- [           main] com.zaxxer.hikari.HikariDataSource       : HikariPool-10 - Shutdown initiated...
2025-10-15T17:55:21.360+03:00  INFO 29564 --- [           main] com.zaxxer.hikari.HikariDataSource       : HikariPool-10 - Shutdown completed.
]]></system-out>
  </testcase>
</testsuite>