<?xml version="1.0" encoding="UTF-8"?>
<testsuite xmlns:xsi="http://www.w3.org/2001/XMLSchema-instance" xsi:noNamespaceSchemaLocation="https://maven.apache.org/surefire/maven-surefire-plugin/xsd/surefire-test-report.xsd" version="3.0.2" name="com.leonard.databasePostgreSQL.controllers.AuthorControllerIntegrationTests" time="11.228" tests="10" errors="0" skipped="0" failures="0">
  <properties>
[...]
</properties>
  <testcase name="testThatFullUpdateUpdatesExistingAuthor" classname="com.leonard.databasePostgreSQL.controllers.AuthorControllerIntegrationTests" time="1.241">
    <system-out><![CDATA[13:48:35.255 [main] INFO org.springframework.test.context.support.AnnotationConfigContextLoaderUtils -- Could not detect default configuration classes for test class [com.leonard.databasePostgreSQL.controllers.AuthorControllerIntegrationTests]: AuthorControllerIntegrationTests does not declare any static, non-private, non-final, nested classes annotated with @Configuration.
13:48:35.412 [main] INFO org.springframework.boot.test.context.SpringBootTestContextBootstrapper -- Found @SpringBootConfiguration com.leonard.databasePostgreSQL.RestApiApplication for test class com.leonard.databasePostgreSQL.controllers.AuthorControllerIntegrationTests

  .   ____          _            __ _ _
 /\\ / ___'_ __ _ _(_)_ __  __ _ \ \ \ \
( ( )\___ | '_ | '_| | '_ \/ _` | \ \ \ \
 \\/  ___)| |_)| | | | | || (_| |  ) ) ) )
  '  |____| .__|_| |_|_| |_\__, | / / / /
 =========|_|==============|___/=/_/_/_/

 :: Spring Boot ::                (v3.5.6)

2025-10-17T13:48:35.898+03:00  INFO 46720 --- [           main] c.l.d.c.AuthorControllerIntegrationTests : Starting AuthorControllerIntegrationTests using Java 17.0.16 with PID 46720 (started by leofl in C:\Users\leofl\Desktop\java\databasePostgreSQL)
2025-10-17T13:48:35.900+03:00  INFO 46720 --- [           main] c.l.d.c.AuthorControllerIntegrationTests : No active profile set, falling back to 1 default profile: "default"
2025-10-17T13:48:36.731+03:00  INFO 46720 --- [           main] .s.d.r.c.RepositoryConfigurationDelegate : Bootstrapping Spring Data JPA repositories in DEFAULT mode.
2025-10-17T13:48:36.838+03:00  INFO 46720 --- [           main] .s.d.r.c.RepositoryConfigurationDelegate : Finished Spring Data repository scanning in 83 ms. Found 2 JPA repository interfaces.
2025-10-17T13:48:37.397+03:00  INFO 46720 --- [           main] com.zaxxer.hikari.HikariDataSource       : HikariPool-1 - Starting...
2025-10-17T13:48:37.660+03:00  INFO 46720 --- [           main] com.zaxxer.hikari.pool.HikariPool        : HikariPool-1 - Added connection conn0: url=jdbc:h2:mem:testdb user=SA
2025-10-17T13:48:37.662+03:00  INFO 46720 --- [           main] com.zaxxer.hikari.HikariDataSource       : HikariPool-1 - Start completed.
2025-10-17T13:48:37.735+03:00  INFO 46720 --- [           main] o.hibernate.jpa.internal.util.LogHelper  : HHH000204: Processing PersistenceUnitInfo [name: default]
2025-10-17T13:48:37.814+03:00  INFO 46720 --- [           main] org.hibernate.Version                    : HHH000412: Hibernate ORM core version 6.6.29.Final
2025-10-17T13:48:37.857+03:00  INFO 46720 --- [           main] o.h.c.internal.RegionFactoryInitiator    : HHH000026: Second-level cache disabled
2025-10-17T13:48:38.294+03:00  INFO 46720 --- [           main] o.s.o.j.p.SpringPersistenceUnitInfo      : No LoadTimeWeaver setup: ignoring JPA class transformer
2025-10-17T13:48:38.413+03:00  INFO 46720 --- [           main] org.hibernate.orm.connections.pooling    : HHH10001005: Database info:
	Database JDBC URL [Connecting through datasource 'HikariDataSource (HikariPool-1)']
	Database driver: undefined/unknown
	Database version: 2.3.232
	Autocommit mode: undefined/unknown
	Isolation level: undefined/unknown
	Minimum pool size: undefined/unknown
	Maximum pool size: undefined/unknown
2025-10-17T13:48:39.196+03:00  INFO 46720 --- [           main] o.h.e.t.j.p.i.JtaPlatformInitiator       : HHH000489: No JTA platform available (set 'hibernate.transaction.jta.platform' to enable JTA platform integration)
2025-10-17T13:48:39.232+03:00  INFO 46720 --- [           main] j.LocalContainerEntityManagerFactoryBean : Initialized JPA EntityManagerFactory for persistence unit 'default'
2025-10-17T13:48:39.713+03:00  INFO 46720 --- [           main] o.s.d.j.r.query.QueryEnhancerFactory     : Hibernate is in classpath; If applicable, HQL parser will be used.
2025-10-17T13:48:39.988+03:00  WARN 46720 --- [           main] JpaBaseConfiguration$JpaWebConfiguration : spring.jpa.open-in-view is enabled by default. Therefore, database queries may be performed during view rendering. Explicitly configure spring.jpa.open-in-view to disable this warning
2025-10-17T13:48:40.593+03:00  INFO 46720 --- [           main] o.s.b.t.m.w.SpringBootMockServletContext : Initializing Spring TestDispatcherServlet ''
2025-10-17T13:48:40.593+03:00  INFO 46720 --- [           main] o.s.t.web.servlet.TestDispatcherServlet  : Initializing Servlet ''
2025-10-17T13:48:40.596+03:00  INFO 46720 --- [           main] o.s.t.web.servlet.TestDispatcherServlet  : Completed initialization in 1 ms
2025-10-17T13:48:40.642+03:00  INFO 46720 --- [           main] c.l.d.c.AuthorControllerIntegrationTests : Started AuthorControllerIntegrationTests in 5.079 seconds (process running for 6.124)
2025-10-17T13:48:41.915+03:00  INFO 46720 --- [           main] j.LocalContainerEntityManagerFactoryBean : Closing JPA EntityManagerFactory for persistence unit 'default'
2025-10-17T13:48:41.922+03:00  INFO 46720 --- [           main] com.zaxxer.hikari.HikariDataSource       : HikariPool-1 - Shutdown initiated...
2025-10-17T13:48:41.925+03:00  INFO 46720 --- [           main] com.zaxxer.hikari.HikariDataSource       : HikariPool-1 - Shutdown completed.
]]></system-out>
  </testcase>
  <testcase name="testThatGetAuthorByIdSuccessfullyReturnsCorrectBody" classname="com.leonard.databasePostgreSQL.controllers.AuthorControllerIntegrationTests" time="0.07">
    <system-out><![CDATA[
  .   ____          _            __ _ _
 /\\ / ___'_ __ _ _(_)_ __  __ _ \ \ \ \
( ( )\___ | '_ | '_| | '_ \/ _` | \ \ \ \
 \\/  ___)| |_)| | | | | || (_| |  ) ) ) )
  '  |____| .__|_| |_|_| |_\__, | / / / /
 =========|_|==============|___/=/_/_/_/

 :: Spring Boot ::                (v3.5.6)

2025-10-17T13:48:41.974+03:00  INFO 46720 --- [           main] c.l.d.c.AuthorControllerIntegrationTests : Starting AuthorControllerIntegrationTests using Java 17.0.16 with PID 46720 (started by leofl in C:\Users\leofl\Desktop\java\databasePostgreSQL)
2025-10-17T13:48:41.975+03:00  INFO 46720 --- [           main] c.l.d.c.AuthorControllerIntegrationTests : No active profile set, falling back to 1 default profile: "default"
2025-10-17T13:48:42.176+03:00  INFO 46720 --- [           main] .s.d.r.c.RepositoryConfigurationDelegate : Bootstrapping Spring Data JPA repositories in DEFAULT mode.
2025-10-17T13:48:42.201+03:00  INFO 46720 --- [           main] .s.d.r.c.RepositoryConfigurationDelegate : Finished Spring Data repository scanning in 22 ms. Found 2 JPA repository interfaces.
2025-10-17T13:48:42.314+03:00  INFO 46720 --- [           main] com.zaxxer.hikari.HikariDataSource       : HikariPool-2 - Starting...
2025-10-17T13:48:42.316+03:00  INFO 46720 --- [           main] com.zaxxer.hikari.pool.HikariPool        : HikariPool-2 - Added connection conn10: url=jdbc:h2:mem:testdb user=SA
2025-10-17T13:48:42.316+03:00  INFO 46720 --- [           main] com.zaxxer.hikari.HikariDataSource       : HikariPool-2 - Start completed.
2025-10-17T13:48:42.318+03:00  INFO 46720 --- [           main] o.hibernate.jpa.internal.util.LogHelper  : HHH000204: Processing PersistenceUnitInfo [name: default]
2025-10-17T13:48:42.324+03:00  INFO 46720 --- [           main] o.h.c.internal.RegionFactoryInitiator    : HHH000026: Second-level cache disabled
2025-10-17T13:48:42.345+03:00  INFO 46720 --- [           main] o.s.o.j.p.SpringPersistenceUnitInfo      : No LoadTimeWeaver setup: ignoring JPA class transformer
2025-10-17T13:48:42.349+03:00  INFO 46720 --- [           main] org.hibernate.orm.connections.pooling    : HHH10001005: Database info:
	Database JDBC URL [Connecting through datasource 'HikariDataSource (HikariPool-2)']
	Database driver: undefined/unknown
	Database version: 2.3.232
	Autocommit mode: undefined/unknown
	Isolation level: undefined/unknown
	Minimum pool size: undefined/unknown
	Maximum pool size: undefined/unknown
2025-10-17T13:48:42.397+03:00  INFO 46720 --- [           main] o.h.e.t.j.p.i.JtaPlatformInitiator       : HHH000489: No JTA platform available (set 'hibernate.transaction.jta.platform' to enable JTA platform integration)
2025-10-17T13:48:42.404+03:00  INFO 46720 --- [           main] j.LocalContainerEntityManagerFactoryBean : Initialized JPA EntityManagerFactory for persistence unit 'default'
2025-10-17T13:48:42.502+03:00  WARN 46720 --- [           main] JpaBaseConfiguration$JpaWebConfiguration : spring.jpa.open-in-view is enabled by default. Therefore, database queries may be performed during view rendering. Explicitly configure spring.jpa.open-in-view to disable this warning
2025-10-17T13:48:42.619+03:00  INFO 46720 --- [           main] o.s.b.t.m.w.SpringBootMockServletContext : Initializing Spring TestDispatcherServlet ''
2025-10-17T13:48:42.619+03:00  INFO 46720 --- [           main] o.s.t.web.servlet.TestDispatcherServlet  : Initializing Servlet ''
2025-10-17T13:48:42.621+03:00  INFO 46720 --- [           main] o.s.t.web.servlet.TestDispatcherServlet  : Completed initialization in 2 ms
2025-10-17T13:48:42.630+03:00  INFO 46720 --- [           main] c.l.d.c.AuthorControllerIntegrationTests : Started AuthorControllerIntegrationTests in 0.692 seconds (process running for 8.112)
2025-10-17T13:48:42.672+03:00  INFO 46720 --- [           main] j.LocalContainerEntityManagerFactoryBean : Closing JPA EntityManagerFactory for persistence unit 'default'
2025-10-17T13:48:42.674+03:00  INFO 46720 --- [           main] com.zaxxer.hikari.HikariDataSource       : HikariPool-2 - Shutdown initiated...
2025-10-17T13:48:42.702+03:00  INFO 46720 --- [           main] com.zaxxer.hikari.HikariDataSource       : HikariPool-2 - Shutdown completed.
]]></system-out>
  </testcase>
  <testcase name="testThatUpdateAuthorByIdSuccessfullyReturnsHttpStatus404WhenNoAuthorExists" classname="com.leonard.databasePostgreSQL.controllers.AuthorControllerIntegrationTests" time="0.049">
    <system-out><![CDATA[
  .   ____          _            __ _ _
 /\\ / ___'_ __ _ _(_)_ __  __ _ \ \ \ \
( ( )\___ | '_ | '_| | '_ \/ _` | \ \ \ \
 \\/  ___)| |_)| | | | | || (_| |  ) ) ) )
  '  |____| .__|_| |_|_| |_\__, | / / / /
 =========|_|==============|___/=/_/_/_/

 :: Spring Boot ::                (v3.5.6)

2025-10-17T13:48:42.738+03:00  INFO 46720 --- [           main] c.l.d.c.AuthorControllerIntegrationTests : Starting AuthorControllerIntegrationTests using Java 17.0.16 with PID 46720 (started by leofl in C:\Users\leofl\Desktop\java\databasePostgreSQL)
2025-10-17T13:48:42.739+03:00  INFO 46720 --- [           main] c.l.d.c.AuthorControllerIntegrationTests : No active profile set, falling back to 1 default profile: "default"
2025-10-17T13:48:42.987+03:00  INFO 46720 --- [           main] .s.d.r.c.RepositoryConfigurationDelegate : Bootstrapping Spring Data JPA repositories in DEFAULT mode.
2025-10-17T13:48:43.005+03:00  INFO 46720 --- [           main] .s.d.r.c.RepositoryConfigurationDelegate : Finished Spring Data repository scanning in 16 ms. Found 2 JPA repository interfaces.
2025-10-17T13:48:43.109+03:00  INFO 46720 --- [           main] com.zaxxer.hikari.HikariDataSource       : HikariPool-3 - Starting...
2025-10-17T13:48:43.114+03:00  INFO 46720 --- [           main] com.zaxxer.hikari.pool.HikariPool        : HikariPool-3 - Added connection conn18: url=jdbc:h2:mem:testdb user=SA
2025-10-17T13:48:43.115+03:00  INFO 46720 --- [           main] com.zaxxer.hikari.HikariDataSource       : HikariPool-3 - Start completed.
2025-10-17T13:48:43.117+03:00  INFO 46720 --- [           main] o.hibernate.jpa.internal.util.LogHelper  : HHH000204: Processing PersistenceUnitInfo [name: default]
2025-10-17T13:48:43.122+03:00  INFO 46720 --- [           main] o.h.c.internal.RegionFactoryInitiator    : HHH000026: Second-level cache disabled
2025-10-17T13:48:43.139+03:00  INFO 46720 --- [           main] o.s.o.j.p.SpringPersistenceUnitInfo      : No LoadTimeWeaver setup: ignoring JPA class transformer
2025-10-17T13:48:43.142+03:00  INFO 46720 --- [           main] org.hibernate.orm.connections.pooling    : HHH10001005: Database info:
	Database JDBC URL [Connecting through datasource 'HikariDataSource (HikariPool-3)']
	Database driver: undefined/unknown
	Database version: 2.3.232
	Autocommit mode: undefined/unknown
	Isolation level: undefined/unknown
	Minimum pool size: undefined/unknown
	Maximum pool size: undefined/unknown
2025-10-17T13:48:43.182+03:00  INFO 46720 --- [           main] o.h.e.t.j.p.i.JtaPlatformInitiator       : HHH000489: No JTA platform available (set 'hibernate.transaction.jta.platform' to enable JTA platform integration)
2025-10-17T13:48:43.188+03:00  INFO 46720 --- [           main] j.LocalContainerEntityManagerFactoryBean : Initialized JPA EntityManagerFactory for persistence unit 'default'
2025-10-17T13:48:43.258+03:00  WARN 46720 --- [           main] JpaBaseConfiguration$JpaWebConfiguration : spring.jpa.open-in-view is enabled by default. Therefore, database queries may be performed during view rendering. Explicitly configure spring.jpa.open-in-view to disable this warning
2025-10-17T13:48:43.364+03:00  INFO 46720 --- [           main] o.s.b.t.m.w.SpringBootMockServletContext : Initializing Spring TestDispatcherServlet ''
2025-10-17T13:48:43.364+03:00  INFO 46720 --- [           main] o.s.t.web.servlet.TestDispatcherServlet  : Initializing Servlet ''
2025-10-17T13:48:43.365+03:00  INFO 46720 --- [           main] o.s.t.web.servlet.TestDispatcherServlet  : Completed initialization in 0 ms
2025-10-17T13:48:43.375+03:00  INFO 46720 --- [           main] c.l.d.c.AuthorControllerIntegrationTests : Started AuthorControllerIntegrationTests in 0.669 seconds (process running for 8.858)
2025-10-17T13:48:43.407+03:00  INFO 46720 --- [           main] j.LocalContainerEntityManagerFactoryBean : Closing JPA EntityManagerFactory for persistence unit 'default'
2025-10-17T13:48:43.410+03:00  INFO 46720 --- [           main] com.zaxxer.hikari.HikariDataSource       : HikariPool-3 - Shutdown initiated...
2025-10-17T13:48:43.428+03:00  INFO 46720 --- [           main] com.zaxxer.hikari.HikariDataSource       : HikariPool-3 - Shutdown completed.
]]></system-out>
  </testcase>
  <testcase name="testThatAuthorCanBeCreated" classname="com.leonard.databasePostgreSQL.controllers.AuthorControllerIntegrationTests" time="0.054">
    <system-out><![CDATA[
  .   ____          _            __ _ _
 /\\ / ___'_ __ _ _(_)_ __  __ _ \ \ \ \
( ( )\___ | '_ | '_| | '_ \/ _` | \ \ \ \
 \\/  ___)| |_)| | | | | || (_| |  ) ) ) )
  '  |____| .__|_| |_|_| |_\__, | / / / /
 =========|_|==============|___/=/_/_/_/

 :: Spring Boot ::                (v3.5.6)

2025-10-17T13:48:43.461+03:00  INFO 46720 --- [           main] c.l.d.c.AuthorControllerIntegrationTests : Starting AuthorControllerIntegrationTests using Java 17.0.16 with PID 46720 (started by leofl in C:\Users\leofl\Desktop\java\databasePostgreSQL)
2025-10-17T13:48:43.461+03:00  INFO 46720 --- [           main] c.l.d.c.AuthorControllerIntegrationTests : No active profile set, falling back to 1 default profile: "default"
2025-10-17T13:48:43.619+03:00  INFO 46720 --- [           main] .s.d.r.c.RepositoryConfigurationDelegate : Bootstrapping Spring Data JPA repositories in DEFAULT mode.
2025-10-17T13:48:43.636+03:00  INFO 46720 --- [           main] .s.d.r.c.RepositoryConfigurationDelegate : Finished Spring Data repository scanning in 15 ms. Found 2 JPA repository interfaces.
2025-10-17T13:48:43.709+03:00  INFO 46720 --- [           main] com.zaxxer.hikari.HikariDataSource       : HikariPool-4 - Starting...
2025-10-17T13:48:43.711+03:00  INFO 46720 --- [           main] com.zaxxer.hikari.pool.HikariPool        : HikariPool-4 - Added connection conn25: url=jdbc:h2:mem:testdb user=SA
2025-10-17T13:48:43.712+03:00  INFO 46720 --- [           main] com.zaxxer.hikari.HikariDataSource       : HikariPool-4 - Start completed.
2025-10-17T13:48:43.713+03:00  INFO 46720 --- [           main] o.hibernate.jpa.internal.util.LogHelper  : HHH000204: Processing PersistenceUnitInfo [name: default]
2025-10-17T13:48:43.717+03:00  INFO 46720 --- [           main] o.h.c.internal.RegionFactoryInitiator    : HHH000026: Second-level cache disabled
2025-10-17T13:48:43.728+03:00  INFO 46720 --- [           main] o.s.o.j.p.SpringPersistenceUnitInfo      : No LoadTimeWeaver setup: ignoring JPA class transformer
2025-10-17T13:48:43.731+03:00  INFO 46720 --- [           main] org.hibernate.orm.connections.pooling    : HHH10001005: Database info:
	Database JDBC URL [Connecting through datasource 'HikariDataSource (HikariPool-4)']
	Database driver: undefined/unknown
	Database version: 2.3.232
	Autocommit mode: undefined/unknown
	Isolation level: undefined/unknown
	Minimum pool size: undefined/unknown
	Maximum pool size: undefined/unknown
2025-10-17T13:48:43.770+03:00  INFO 46720 --- [           main] o.h.e.t.j.p.i.JtaPlatformInitiator       : HHH000489: No JTA platform available (set 'hibernate.transaction.jta.platform' to enable JTA platform integration)
2025-10-17T13:48:43.775+03:00  INFO 46720 --- [           main] j.LocalContainerEntityManagerFactoryBean : Initialized JPA EntityManagerFactory for persistence unit 'default'
2025-10-17T13:48:43.818+03:00  WARN 46720 --- [           main] JpaBaseConfiguration$JpaWebConfiguration : spring.jpa.open-in-view is enabled by default. Therefore, database queries may be performed during view rendering. Explicitly configure spring.jpa.open-in-view to disable this warning
2025-10-17T13:48:43.896+03:00  INFO 46720 --- [           main] o.s.b.t.m.w.SpringBootMockServletContext : Initializing Spring TestDispatcherServlet ''
2025-10-17T13:48:43.896+03:00  INFO 46720 --- [           main] o.s.t.web.servlet.TestDispatcherServlet  : Initializing Servlet ''
2025-10-17T13:48:43.897+03:00  INFO 46720 --- [           main] o.s.t.web.servlet.TestDispatcherServlet  : Completed initialization in 1 ms
2025-10-17T13:48:43.907+03:00  INFO 46720 --- [           main] c.l.d.c.AuthorControllerIntegrationTests : Started AuthorControllerIntegrationTests in 0.476 seconds (process running for 9.389)
2025-10-17T13:48:43.930+03:00  INFO 46720 --- [           main] j.LocalContainerEntityManagerFactoryBean : Closing JPA EntityManagerFactory for persistence unit 'default'
2025-10-17T13:48:43.932+03:00  INFO 46720 --- [           main] com.zaxxer.hikari.HikariDataSource       : HikariPool-4 - Shutdown initiated...
2025-10-17T13:48:43.963+03:00  INFO 46720 --- [           main] com.zaxxer.hikari.HikariDataSource       : HikariPool-4 - Shutdown completed.
]]></system-out>
  </testcase>
  <testcase name="testThatGetAuthorByIdSuccessfullyReturnsHttpStatus200" classname="com.leonard.databasePostgreSQL.controllers.AuthorControllerIntegrationTests" time="0.024">
    <system-out><![CDATA[
  .   ____          _            __ _ _
 /\\ / ___'_ __ _ _(_)_ __  __ _ \ \ \ \
( ( )\___ | '_ | '_| | '_ \/ _` | \ \ \ \
 \\/  ___)| |_)| | | | | || (_| |  ) ) ) )
  '  |____| .__|_| |_|_| |_\__, | / / / /
 =========|_|==============|___/=/_/_/_/

 :: Spring Boot ::                (v3.5.6)

2025-10-17T13:48:43.995+03:00  INFO 46720 --- [           main] c.l.d.c.AuthorControllerIntegrationTests : Starting AuthorControllerIntegrationTests using Java 17.0.16 with PID 46720 (started by leofl in C:\Users\leofl\Desktop\java\databasePostgreSQL)
2025-10-17T13:48:43.995+03:00  INFO 46720 --- [           main] c.l.d.c.AuthorControllerIntegrationTests : No active profile set, falling back to 1 default profile: "default"
2025-10-17T13:48:44.195+03:00  INFO 46720 --- [           main] .s.d.r.c.RepositoryConfigurationDelegate : Bootstrapping Spring Data JPA repositories in DEFAULT mode.
2025-10-17T13:48:44.217+03:00  INFO 46720 --- [           main] .s.d.r.c.RepositoryConfigurationDelegate : Finished Spring Data repository scanning in 19 ms. Found 2 JPA repository interfaces.
2025-10-17T13:48:44.303+03:00  INFO 46720 --- [           main] com.zaxxer.hikari.HikariDataSource       : HikariPool-5 - Starting...
2025-10-17T13:48:44.305+03:00  INFO 46720 --- [           main] com.zaxxer.hikari.pool.HikariPool        : HikariPool-5 - Added connection conn30: url=jdbc:h2:mem:testdb user=SA
2025-10-17T13:48:44.306+03:00  INFO 46720 --- [           main] com.zaxxer.hikari.HikariDataSource       : HikariPool-5 - Start completed.
2025-10-17T13:48:44.307+03:00  INFO 46720 --- [           main] o.hibernate.jpa.internal.util.LogHelper  : HHH000204: Processing PersistenceUnitInfo [name: default]
2025-10-17T13:48:44.311+03:00  INFO 46720 --- [           main] o.h.c.internal.RegionFactoryInitiator    : HHH000026: Second-level cache disabled
2025-10-17T13:48:44.323+03:00  INFO 46720 --- [           main] o.s.o.j.p.SpringPersistenceUnitInfo      : No LoadTimeWeaver setup: ignoring JPA class transformer
2025-10-17T13:48:44.326+03:00  INFO 46720 --- [           main] org.hibernate.orm.connections.pooling    : HHH10001005: Database info:
	Database JDBC URL [Connecting through datasource 'HikariDataSource (HikariPool-5)']
	Database driver: undefined/unknown
	Database version: 2.3.232
	Autocommit mode: undefined/unknown
	Isolation level: undefined/unknown
	Minimum pool size: undefined/unknown
	Maximum pool size: undefined/unknown
2025-10-17T13:48:44.362+03:00  INFO 46720 --- [           main] o.h.e.t.j.p.i.JtaPlatformInitiator       : HHH000489: No JTA platform available (set 'hibernate.transaction.jta.platform' to enable JTA platform integration)
2025-10-17T13:48:44.368+03:00  INFO 46720 --- [           main] j.LocalContainerEntityManagerFactoryBean : Initialized JPA EntityManagerFactory for persistence unit 'default'
2025-10-17T13:48:44.425+03:00  WARN 46720 --- [           main] JpaBaseConfiguration$JpaWebConfiguration : spring.jpa.open-in-view is enabled by default. Therefore, database queries may be performed during view rendering. Explicitly configure spring.jpa.open-in-view to disable this warning
2025-10-17T13:48:44.498+03:00  INFO 46720 --- [           main] o.s.b.t.m.w.SpringBootMockServletContext : Initializing Spring TestDispatcherServlet ''
2025-10-17T13:48:44.499+03:00  INFO 46720 --- [           main] o.s.t.web.servlet.TestDispatcherServlet  : Initializing Servlet ''
2025-10-17T13:48:44.499+03:00  INFO 46720 --- [           main] o.s.t.web.servlet.TestDispatcherServlet  : Completed initialization in 0 ms
2025-10-17T13:48:44.504+03:00  INFO 46720 --- [           main] c.l.d.c.AuthorControllerIntegrationTests : Started AuthorControllerIntegrationTests in 0.538 seconds (process running for 9.987)
2025-10-17T13:48:44.524+03:00  INFO 46720 --- [           main] j.LocalContainerEntityManagerFactoryBean : Closing JPA EntityManagerFactory for persistence unit 'default'
2025-10-17T13:48:44.526+03:00  INFO 46720 --- [           main] com.zaxxer.hikari.HikariDataSource       : HikariPool-5 - Shutdown initiated...
2025-10-17T13:48:44.529+03:00  INFO 46720 --- [           main] com.zaxxer.hikari.HikariDataSource       : HikariPool-5 - Shutdown completed.
]]></system-out>
  </testcase>
  <testcase name="testThatGetAuthorByIdSuccessfullyReturnsHttpStatus404" classname="com.leonard.databasePostgreSQL.controllers.AuthorControllerIntegrationTests" time="0.03">
    <system-out><![CDATA[
  .   ____          _            __ _ _
 /\\ / ___'_ __ _ _(_)_ __  __ _ \ \ \ \
( ( )\___ | '_ | '_| | '_ \/ _` | \ \ \ \
 \\/  ___)| |_)| | | | | || (_| |  ) ) ) )
  '  |____| .__|_| |_|_| |_\__, | / / / /
 =========|_|==============|___/=/_/_/_/

 :: Spring Boot ::                (v3.5.6)

2025-10-17T13:48:44.553+03:00  INFO 46720 --- [           main] c.l.d.c.AuthorControllerIntegrationTests : Starting AuthorControllerIntegrationTests using Java 17.0.16 with PID 46720 (started by leofl in C:\Users\leofl\Desktop\java\databasePostgreSQL)
2025-10-17T13:48:44.553+03:00  INFO 46720 --- [           main] c.l.d.c.AuthorControllerIntegrationTests : No active profile set, falling back to 1 default profile: "default"
2025-10-17T13:48:44.693+03:00  INFO 46720 --- [           main] .s.d.r.c.RepositoryConfigurationDelegate : Bootstrapping Spring Data JPA repositories in DEFAULT mode.
2025-10-17T13:48:44.710+03:00  INFO 46720 --- [           main] .s.d.r.c.RepositoryConfigurationDelegate : Finished Spring Data repository scanning in 15 ms. Found 2 JPA repository interfaces.
2025-10-17T13:48:44.763+03:00  INFO 46720 --- [           main] com.zaxxer.hikari.HikariDataSource       : HikariPool-6 - Starting...
2025-10-17T13:48:44.766+03:00  INFO 46720 --- [           main] com.zaxxer.hikari.pool.HikariPool        : HikariPool-6 - Added connection conn34: url=jdbc:h2:mem:testdb user=SA
2025-10-17T13:48:44.766+03:00  INFO 46720 --- [           main] com.zaxxer.hikari.HikariDataSource       : HikariPool-6 - Start completed.
2025-10-17T13:48:44.767+03:00  INFO 46720 --- [           main] o.hibernate.jpa.internal.util.LogHelper  : HHH000204: Processing PersistenceUnitInfo [name: default]
2025-10-17T13:48:44.771+03:00  INFO 46720 --- [           main] o.h.c.internal.RegionFactoryInitiator    : HHH000026: Second-level cache disabled
2025-10-17T13:48:44.781+03:00  INFO 46720 --- [           main] o.s.o.j.p.SpringPersistenceUnitInfo      : No LoadTimeWeaver setup: ignoring JPA class transformer
2025-10-17T13:48:44.783+03:00  INFO 46720 --- [           main] org.hibernate.orm.connections.pooling    : HHH10001005: Database info:
	Database JDBC URL [Connecting through datasource 'HikariDataSource (HikariPool-6)']
	Database driver: undefined/unknown
	Database version: 2.3.232
	Autocommit mode: undefined/unknown
	Isolation level: undefined/unknown
	Minimum pool size: undefined/unknown
	Maximum pool size: undefined/unknown
2025-10-17T13:48:44.811+03:00  INFO 46720 --- [           main] o.h.e.t.j.p.i.JtaPlatformInitiator       : HHH000489: No JTA platform available (set 'hibernate.transaction.jta.platform' to enable JTA platform integration)
2025-10-17T13:48:44.815+03:00  INFO 46720 --- [           main] j.LocalContainerEntityManagerFactoryBean : Initialized JPA EntityManagerFactory for persistence unit 'default'
2025-10-17T13:48:44.853+03:00  WARN 46720 --- [           main] JpaBaseConfiguration$JpaWebConfiguration : spring.jpa.open-in-view is enabled by default. Therefore, database queries may be performed during view rendering. Explicitly configure spring.jpa.open-in-view to disable this warning
2025-10-17T13:48:44.923+03:00  INFO 46720 --- [           main] o.s.b.t.m.w.SpringBootMockServletContext : Initializing Spring TestDispatcherServlet ''
2025-10-17T13:48:44.924+03:00  INFO 46720 --- [           main] o.s.t.web.servlet.TestDispatcherServlet  : Initializing Servlet ''
2025-10-17T13:48:44.924+03:00  INFO 46720 --- [           main] o.s.t.web.servlet.TestDispatcherServlet  : Completed initialization in 0 ms
2025-10-17T13:48:44.929+03:00  INFO 46720 --- [           main] c.l.d.c.AuthorControllerIntegrationTests : Started AuthorControllerIntegrationTests in 0.397 seconds (process running for 10.412)
2025-10-17T13:48:44.945+03:00  INFO 46720 --- [           main] j.LocalContainerEntityManagerFactoryBean : Closing JPA EntityManagerFactory for persistence unit 'default'
2025-10-17T13:48:44.947+03:00  INFO 46720 --- [           main] com.zaxxer.hikari.HikariDataSource       : HikariPool-6 - Shutdown initiated...
2025-10-17T13:48:44.961+03:00  INFO 46720 --- [           main] com.zaxxer.hikari.HikariDataSource       : HikariPool-6 - Shutdown completed.
]]></system-out>
  </testcase>
  <testcase name="testThatGetAuthorsSuccessfullyReturnsHttpStatus200" classname="com.leonard.databasePostgreSQL.controllers.AuthorControllerIntegrationTests" time="0.037">
    <system-out><![CDATA[
  .   ____          _            __ _ _
 /\\ / ___'_ __ _ _(_)_ __  __ _ \ \ \ \
( ( )\___ | '_ | '_| | '_ \/ _` | \ \ \ \
 \\/  ___)| |_)| | | | | || (_| |  ) ) ) )
  '  |____| .__|_| |_|_| |_\__, | / / / /
 =========|_|==============|___/=/_/_/_/

 :: Spring Boot ::                (v3.5.6)

2025-10-17T13:48:44.981+03:00  INFO 46720 --- [           main] c.l.d.c.AuthorControllerIntegrationTests : Starting AuthorControllerIntegrationTests using Java 17.0.16 with PID 46720 (started by leofl in C:\Users\leofl\Desktop\java\databasePostgreSQL)
2025-10-17T13:48:44.981+03:00  INFO 46720 --- [           main] c.l.d.c.AuthorControllerIntegrationTests : No active profile set, falling back to 1 default profile: "default"
2025-10-17T13:48:45.093+03:00  INFO 46720 --- [           main] .s.d.r.c.RepositoryConfigurationDelegate : Bootstrapping Spring Data JPA repositories in DEFAULT mode.
2025-10-17T13:48:45.105+03:00  INFO 46720 --- [           main] .s.d.r.c.RepositoryConfigurationDelegate : Finished Spring Data repository scanning in 10 ms. Found 2 JPA repository interfaces.
2025-10-17T13:48:45.148+03:00  INFO 46720 --- [           main] com.zaxxer.hikari.HikariDataSource       : HikariPool-7 - Starting...
2025-10-17T13:48:45.150+03:00  INFO 46720 --- [           main] com.zaxxer.hikari.pool.HikariPool        : HikariPool-7 - Added connection conn37: url=jdbc:h2:mem:testdb user=SA
2025-10-17T13:48:45.150+03:00  INFO 46720 --- [           main] com.zaxxer.hikari.HikariDataSource       : HikariPool-7 - Start completed.
2025-10-17T13:48:45.152+03:00  INFO 46720 --- [           main] o.hibernate.jpa.internal.util.LogHelper  : HHH000204: Processing PersistenceUnitInfo [name: default]
2025-10-17T13:48:45.156+03:00  INFO 46720 --- [           main] o.h.c.internal.RegionFactoryInitiator    : HHH000026: Second-level cache disabled
2025-10-17T13:48:45.165+03:00  INFO 46720 --- [           main] o.s.o.j.p.SpringPersistenceUnitInfo      : No LoadTimeWeaver setup: ignoring JPA class transformer
2025-10-17T13:48:45.167+03:00  INFO 46720 --- [           main] org.hibernate.orm.connections.pooling    : HHH10001005: Database info:
	Database JDBC URL [Connecting through datasource 'HikariDataSource (HikariPool-7)']
	Database driver: undefined/unknown
	Database version: 2.3.232
	Autocommit mode: undefined/unknown
	Isolation level: undefined/unknown
	Minimum pool size: undefined/unknown
	Maximum pool size: undefined/unknown
2025-10-17T13:48:45.193+03:00  INFO 46720 --- [           main] o.h.e.t.j.p.i.JtaPlatformInitiator       : HHH000489: No JTA platform available (set 'hibernate.transaction.jta.platform' to enable JTA platform integration)
2025-10-17T13:48:45.197+03:00  INFO 46720 --- [           main] j.LocalContainerEntityManagerFactoryBean : Initialized JPA EntityManagerFactory for persistence unit 'default'
2025-10-17T13:48:45.223+03:00  WARN 46720 --- [           main] JpaBaseConfiguration$JpaWebConfiguration : spring.jpa.open-in-view is enabled by default. Therefore, database queries may be performed during view rendering. Explicitly configure spring.jpa.open-in-view to disable this warning
2025-10-17T13:48:45.269+03:00  INFO 46720 --- [           main] o.s.b.t.m.w.SpringBootMockServletContext : Initializing Spring TestDispatcherServlet ''
2025-10-17T13:48:45.270+03:00  INFO 46720 --- [           main] o.s.t.web.servlet.TestDispatcherServlet  : Initializing Servlet ''
2025-10-17T13:48:45.270+03:00  INFO 46720 --- [           main] o.s.t.web.servlet.TestDispatcherServlet  : Completed initialization in 0 ms
2025-10-17T13:48:45.275+03:00  INFO 46720 --- [           main] c.l.d.c.AuthorControllerIntegrationTests : Started AuthorControllerIntegrationTests in 0.311 seconds (process running for 10.757)
2025-10-17T13:48:45.300+03:00  INFO 46720 --- [           main] j.LocalContainerEntityManagerFactoryBean : Closing JPA EntityManagerFactory for persistence unit 'default'
2025-10-17T13:48:45.302+03:00  INFO 46720 --- [           main] com.zaxxer.hikari.HikariDataSource       : HikariPool-7 - Shutdown initiated...
2025-10-17T13:48:45.313+03:00  INFO 46720 --- [           main] com.zaxxer.hikari.HikariDataSource       : HikariPool-7 - Shutdown completed.
]]></system-out>
  </testcase>
  <testcase name="testThatGetAuthorsSuccessfullyReturnsListOfAuthors" classname="com.leonard.databasePostgreSQL.controllers.AuthorControllerIntegrationTests" time="0.038">
    <system-out><![CDATA[
  .   ____          _            __ _ _
 /\\ / ___'_ __ _ _(_)_ __  __ _ \ \ \ \
( ( )\___ | '_ | '_| | '_ \/ _` | \ \ \ \
 \\/  ___)| |_)| | | | | || (_| |  ) ) ) )
  '  |____| .__|_| |_|_| |_\__, | / / / /
 =========|_|==============|___/=/_/_/_/

 :: Spring Boot ::                (v3.5.6)

2025-10-17T13:48:45.336+03:00  INFO 46720 --- [           main] c.l.d.c.AuthorControllerIntegrationTests : Starting AuthorControllerIntegrationTests using Java 17.0.16 with PID 46720 (started by leofl in C:\Users\leofl\Desktop\java\databasePostgreSQL)
2025-10-17T13:48:45.336+03:00  INFO 46720 --- [           main] c.l.d.c.AuthorControllerIntegrationTests : No active profile set, falling back to 1 default profile: "default"
2025-10-17T13:48:45.440+03:00  INFO 46720 --- [           main] .s.d.r.c.RepositoryConfigurationDelegate : Bootstrapping Spring Data JPA repositories in DEFAULT mode.
2025-10-17T13:48:45.454+03:00  INFO 46720 --- [           main] .s.d.r.c.RepositoryConfigurationDelegate : Finished Spring Data repository scanning in 12 ms. Found 2 JPA repository interfaces.
2025-10-17T13:48:45.507+03:00  INFO 46720 --- [           main] com.zaxxer.hikari.HikariDataSource       : HikariPool-8 - Starting...
2025-10-17T13:48:45.510+03:00  INFO 46720 --- [           main] com.zaxxer.hikari.pool.HikariPool        : HikariPool-8 - Added connection conn39: url=jdbc:h2:mem:testdb user=SA
2025-10-17T13:48:45.510+03:00  INFO 46720 --- [           main] com.zaxxer.hikari.HikariDataSource       : HikariPool-8 - Start completed.
2025-10-17T13:48:45.511+03:00  INFO 46720 --- [           main] o.hibernate.jpa.internal.util.LogHelper  : HHH000204: Processing PersistenceUnitInfo [name: default]
2025-10-17T13:48:45.515+03:00  INFO 46720 --- [           main] o.h.c.internal.RegionFactoryInitiator    : HHH000026: Second-level cache disabled
2025-10-17T13:48:45.525+03:00  INFO 46720 --- [           main] o.s.o.j.p.SpringPersistenceUnitInfo      : No LoadTimeWeaver setup: ignoring JPA class transformer
2025-10-17T13:48:45.527+03:00  INFO 46720 --- [           main] org.hibernate.orm.connections.pooling    : HHH10001005: Database info:
	Database JDBC URL [Connecting through datasource 'HikariDataSource (HikariPool-8)']
	Database driver: undefined/unknown
	Database version: 2.3.232
	Autocommit mode: undefined/unknown
	Isolation level: undefined/unknown
	Minimum pool size: undefined/unknown
	Maximum pool size: undefined/unknown
2025-10-17T13:48:45.559+03:00  INFO 46720 --- [           main] o.h.e.t.j.p.i.JtaPlatformInitiator       : HHH000489: No JTA platform available (set 'hibernate.transaction.jta.platform' to enable JTA platform integration)
2025-10-17T13:48:45.563+03:00  INFO 46720 --- [           main] j.LocalContainerEntityManagerFactoryBean : Initialized JPA EntityManagerFactory for persistence unit 'default'
2025-10-17T13:48:45.602+03:00  WARN 46720 --- [           main] JpaBaseConfiguration$JpaWebConfiguration : spring.jpa.open-in-view is enabled by default. Therefore, database queries may be performed during view rendering. Explicitly configure spring.jpa.open-in-view to disable this warning
2025-10-17T13:48:45.662+03:00  INFO 46720 --- [           main] o.s.b.t.m.w.SpringBootMockServletContext : Initializing Spring TestDispatcherServlet ''
2025-10-17T13:48:45.663+03:00  INFO 46720 --- [           main] o.s.t.web.servlet.TestDispatcherServlet  : Initializing Servlet ''
2025-10-17T13:48:45.663+03:00  INFO 46720 --- [           main] o.s.t.web.servlet.TestDispatcherServlet  : Completed initialization in 0 ms
2025-10-17T13:48:45.669+03:00  INFO 46720 --- [           main] c.l.d.c.AuthorControllerIntegrationTests : Started AuthorControllerIntegrationTests in 0.353 seconds (process running for 11.151)
2025-10-17T13:48:45.688+03:00  INFO 46720 --- [           main] j.LocalContainerEntityManagerFactoryBean : Closing JPA EntityManagerFactory for persistence unit 'default'
2025-10-17T13:48:45.690+03:00  INFO 46720 --- [           main] com.zaxxer.hikari.HikariDataSource       : HikariPool-8 - Shutdown initiated...
2025-10-17T13:48:45.708+03:00  INFO 46720 --- [           main] com.zaxxer.hikari.HikariDataSource       : HikariPool-8 - Shutdown completed.
]]></system-out>
  </testcase>
  <testcase name="testThatAuthorSuccessfullyReturnsSavedAuthor" classname="com.leonard.databasePostgreSQL.controllers.AuthorControllerIntegrationTests" time="0.015">
    <system-out><![CDATA[
  .   ____          _            __ _ _
 /\\ / ___'_ __ _ _(_)_ __  __ _ \ \ \ \
( ( )\___ | '_ | '_| | '_ \/ _` | \ \ \ \
 \\/  ___)| |_)| | | | | || (_| |  ) ) ) )
  '  |____| .__|_| |_|_| |_\__, | / / / /
 =========|_|==============|___/=/_/_/_/

 :: Spring Boot ::                (v3.5.6)

2025-10-17T13:48:45.727+03:00  INFO 46720 --- [           main] c.l.d.c.AuthorControllerIntegrationTests : Starting AuthorControllerIntegrationTests using Java 17.0.16 with PID 46720 (started by leofl in C:\Users\leofl\Desktop\java\databasePostgreSQL)
2025-10-17T13:48:45.728+03:00  INFO 46720 --- [           main] c.l.d.c.AuthorControllerIntegrationTests : No active profile set, falling back to 1 default profile: "default"
2025-10-17T13:48:45.832+03:00  INFO 46720 --- [           main] .s.d.r.c.RepositoryConfigurationDelegate : Bootstrapping Spring Data JPA repositories in DEFAULT mode.
2025-10-17T13:48:45.847+03:00  INFO 46720 --- [           main] .s.d.r.c.RepositoryConfigurationDelegate : Finished Spring Data repository scanning in 13 ms. Found 2 JPA repository interfaces.
2025-10-17T13:48:45.888+03:00  INFO 46720 --- [           main] com.zaxxer.hikari.HikariDataSource       : HikariPool-9 - Starting...
2025-10-17T13:48:45.890+03:00  INFO 46720 --- [           main] com.zaxxer.hikari.pool.HikariPool        : HikariPool-9 - Added connection conn43: url=jdbc:h2:mem:testdb user=SA
2025-10-17T13:48:45.890+03:00  INFO 46720 --- [           main] com.zaxxer.hikari.HikariDataSource       : HikariPool-9 - Start completed.
2025-10-17T13:48:45.891+03:00  INFO 46720 --- [           main] o.hibernate.jpa.internal.util.LogHelper  : HHH000204: Processing PersistenceUnitInfo [name: default]
2025-10-17T13:48:45.895+03:00  INFO 46720 --- [           main] o.h.c.internal.RegionFactoryInitiator    : HHH000026: Second-level cache disabled
2025-10-17T13:48:45.904+03:00  INFO 46720 --- [           main] o.s.o.j.p.SpringPersistenceUnitInfo      : No LoadTimeWeaver setup: ignoring JPA class transformer
2025-10-17T13:48:45.905+03:00  INFO 46720 --- [           main] org.hibernate.orm.connections.pooling    : HHH10001005: Database info:
	Database JDBC URL [Connecting through datasource 'HikariDataSource (HikariPool-9)']
	Database driver: undefined/unknown
	Database version: 2.3.232
	Autocommit mode: undefined/unknown
	Isolation level: undefined/unknown
	Minimum pool size: undefined/unknown
	Maximum pool size: undefined/unknown
2025-10-17T13:48:45.931+03:00  INFO 46720 --- [           main] o.h.e.t.j.p.i.JtaPlatformInitiator       : HHH000489: No JTA platform available (set 'hibernate.transaction.jta.platform' to enable JTA platform integration)
2025-10-17T13:48:45.935+03:00  INFO 46720 --- [           main] j.LocalContainerEntityManagerFactoryBean : Initialized JPA EntityManagerFactory for persistence unit 'default'
2025-10-17T13:48:45.963+03:00  WARN 46720 --- [           main] JpaBaseConfiguration$JpaWebConfiguration : spring.jpa.open-in-view is enabled by default. Therefore, database queries may be performed during view rendering. Explicitly configure spring.jpa.open-in-view to disable this warning
2025-10-17T13:48:46.010+03:00  INFO 46720 --- [           main] o.s.b.t.m.w.SpringBootMockServletContext : Initializing Spring TestDispatcherServlet ''
2025-10-17T13:48:46.010+03:00  INFO 46720 --- [           main] o.s.t.web.servlet.TestDispatcherServlet  : Initializing Servlet ''
2025-10-17T13:48:46.013+03:00  INFO 46720 --- [           main] o.s.t.web.servlet.TestDispatcherServlet  : Completed initialization in 0 ms
2025-10-17T13:48:46.017+03:00  INFO 46720 --- [           main] c.l.d.c.AuthorControllerIntegrationTests : Started AuthorControllerIntegrationTests in 0.306 seconds (process running for 11.499)
2025-10-17T13:48:46.030+03:00  INFO 46720 --- [           main] j.LocalContainerEntityManagerFactoryBean : Closing JPA EntityManagerFactory for persistence unit 'default'
2025-10-17T13:48:46.031+03:00  INFO 46720 --- [           main] com.zaxxer.hikari.HikariDataSource       : HikariPool-9 - Shutdown initiated...
2025-10-17T13:48:46.032+03:00  INFO 46720 --- [           main] com.zaxxer.hikari.HikariDataSource       : HikariPool-9 - Shutdown completed.
]]></system-out>
  </testcase>
  <testcase name="testThatUpdateAuthorByIdSuccessfullyReturnsHttpStatus200WhenAuthorExists" classname="com.leonard.databasePostgreSQL.controllers.AuthorControllerIntegrationTests" time="0.022">
    <system-out><![CDATA[
  .   ____          _            __ _ _
 /\\ / ___'_ __ _ _(_)_ __  __ _ \ \ \ \
( ( )\___ | '_ | '_| | '_ \/ _` | \ \ \ \
 \\/  ___)| |_)| | | | | || (_| |  ) ) ) )
  '  |____| .__|_| |_|_| |_\__, | / / / /
 =========|_|==============|___/=/_/_/_/

 :: Spring Boot ::                (v3.5.6)

2025-10-17T13:48:46.051+03:00  INFO 46720 --- [           main] c.l.d.c.AuthorControllerIntegrationTests : Starting AuthorControllerIntegrationTests using Java 17.0.16 with PID 46720 (started by leofl in C:\Users\leofl\Desktop\java\databasePostgreSQL)
2025-10-17T13:48:46.051+03:00  INFO 46720 --- [           main] c.l.d.c.AuthorControllerIntegrationTests : No active profile set, falling back to 1 default profile: "default"
2025-10-17T13:48:46.151+03:00  INFO 46720 --- [           main] .s.d.r.c.RepositoryConfigurationDelegate : Bootstrapping Spring Data JPA repositories in DEFAULT mode.
2025-10-17T13:48:46.163+03:00  INFO 46720 --- [           main] .s.d.r.c.RepositoryConfigurationDelegate : Finished Spring Data repository scanning in 10 ms. Found 2 JPA repository interfaces.
2025-10-17T13:48:46.200+03:00  INFO 46720 --- [           main] com.zaxxer.hikari.HikariDataSource       : HikariPool-10 - Starting...
2025-10-17T13:48:46.202+03:00  INFO 46720 --- [           main] com.zaxxer.hikari.pool.HikariPool        : HikariPool-10 - Added connection conn45: url=jdbc:h2:mem:testdb user=SA
2025-10-17T13:48:46.202+03:00  INFO 46720 --- [           main] com.zaxxer.hikari.HikariDataSource       : HikariPool-10 - Start completed.
2025-10-17T13:48:46.203+03:00  INFO 46720 --- [           main] o.hibernate.jpa.internal.util.LogHelper  : HHH000204: Processing PersistenceUnitInfo [name: default]
2025-10-17T13:48:46.204+03:00  INFO 46720 --- [           main] o.h.c.internal.RegionFactoryInitiator    : HHH000026: Second-level cache disabled
2025-10-17T13:48:46.211+03:00  INFO 46720 --- [           main] o.s.o.j.p.SpringPersistenceUnitInfo      : No LoadTimeWeaver setup: ignoring JPA class transformer
2025-10-17T13:48:46.212+03:00  INFO 46720 --- [           main] org.hibernate.orm.connections.pooling    : HHH10001005: Database info:
	Database JDBC URL [Connecting through datasource 'HikariDataSource (HikariPool-10)']
	Database driver: undefined/unknown
	Database version: 2.3.232
	Autocommit mode: undefined/unknown
	Isolation level: undefined/unknown
	Minimum pool size: undefined/unknown
	Maximum pool size: undefined/unknown
2025-10-17T13:48:46.236+03:00  INFO 46720 --- [           main] o.h.e.t.j.p.i.JtaPlatformInitiator       : HHH000489: No JTA platform available (set 'hibernate.transaction.jta.platform' to enable JTA platform integration)
2025-10-17T13:48:46.240+03:00  INFO 46720 --- [           main] j.LocalContainerEntityManagerFactoryBean : Initialized JPA EntityManagerFactory for persistence unit 'default'
2025-10-17T13:48:46.268+03:00  WARN 46720 --- [           main] JpaBaseConfiguration$JpaWebConfiguration : spring.jpa.open-in-view is enabled by default. Therefore, database queries may be performed during view rendering. Explicitly configure spring.jpa.open-in-view to disable this warning
2025-10-17T13:48:46.306+03:00  INFO 46720 --- [           main] o.s.b.t.m.w.SpringBootMockServletContext : Initializing Spring TestDispatcherServlet ''
2025-10-17T13:48:46.306+03:00  INFO 46720 --- [           main] o.s.t.web.servlet.TestDispatcherServlet  : Initializing Servlet ''
2025-10-17T13:48:46.306+03:00  INFO 46720 --- [           main] o.s.t.web.servlet.TestDispatcherServlet  : Completed initialization in 0 ms
2025-10-17T13:48:46.313+03:00  INFO 46720 --- [           main] c.l.d.c.AuthorControllerIntegrationTests : Started AuthorControllerIntegrationTests in 0.278 seconds (process running for 11.795)
2025-10-17T13:48:46.331+03:00  INFO 46720 --- [           main] j.LocalContainerEntityManagerFactoryBean : Closing JPA EntityManagerFactory for persistence unit 'default'
2025-10-17T13:48:46.332+03:00  INFO 46720 --- [           main] com.zaxxer.hikari.HikariDataSource       : HikariPool-10 - Shutdown initiated...
2025-10-17T13:48:46.335+03:00  INFO 46720 --- [           main] com.zaxxer.hikari.HikariDataSource       : HikariPool-10 - Shutdown completed.
]]></system-out>
  </testcase>
</testsuite>